2016-03-29 10:18:20 [INFO ] [main] [O2OServer::load] Start loading All Service...
2016-03-29 10:18:21 [INFO ] [main] [AbstractApplicationContext::prepareRefresh] Refreshing com.h3c.oasis.o2oserver.bootstrap.c@6295d394: startup date [Tue Mar 29 10:18:21 CST 2016]; root of context hierarchy
2016-03-29 10:18:23 [ERROR] [main] [ApplicationContextLocator::loadAllSvcContext] Load spring config files error, files=[F:\workspace\lvzhou-auth\portal\O2O-PORTAL\conf\o2oPortalAppContext.xml, F:\workspace\lvzhou-auth\portal\O2O-PORTAL\conf\portalCacheAppContext.xml]
org.springframework.beans.factory.BeanDefinitionStoreException: Invalid bean definition with name 'o2oportalConnectionFactory' defined in null: Could not resolve placeholder 'RABBIT_HOST' in string value "${RABBIT_HOST}"; nested exception is java.lang.IllegalArgumentException: Could not resolve placeholder 'RABBIT_HOST' in string value "${RABBIT_HOST}"
	at org.springframework.beans.factory.config.PlaceholderConfigurerSupport.doProcessProperties(PlaceholderConfigurerSupport.java:209)
	at org.springframework.beans.factory.config.PropertyPlaceholderConfigurer.processProperties(PropertyPlaceholderConfigurer.java:223)
	at org.springframework.beans.factory.config.PropertyResourceConfigurer.postProcessBeanFactory(PropertyResourceConfigurer.java:84)
	at org.springframework.context.support.AbstractApplicationContext.invokeBeanFactoryPostProcessors(AbstractApplicationContext.java:694)
	at org.springframework.context.support.AbstractApplicationContext.invokeBeanFactoryPostProcessors(AbstractApplicationContext.java:634)
	at org.springframework.context.support.AbstractApplicationContext.refresh(AbstractApplicationContext.java:461)
	at com.h3c.oasis.o2oserver.bootstrap.ApplicationContextLocator.loadAllSvcContext(ApplicationContextLocator.java:225)
	at com.h3c.oasis.o2oserver.bootstrap.O2OServer.load(O2OServer.java:75)
	at sun.reflect.NativeMethodAccessorImpl.invoke0(Native Method)
	at sun.reflect.NativeMethodAccessorImpl.invoke(NativeMethodAccessorImpl.java:62)
	at sun.reflect.DelegatingMethodAccessorImpl.invoke(DelegatingMethodAccessorImpl.java:43)
	at java.lang.reflect.Method.invoke(Method.java:497)
	at com.h3c.oasis.bootstrap.ServerStartup.h(ServerStartup.java:626)
	at com.h3c.oasis.bootstrap.ServerStartup.f(ServerStartup.java:488)
	at com.h3c.oasis.bootstrap.ServerStartup.process(ServerStartup.java:361)
	at com.h3c.oasis.bootstrap.Bootstrap.a(Bootstrap.java:128)
	at com.h3c.oasis.bootstrap.Bootstrap.main(Bootstrap.java:238)
Caused by: java.lang.IllegalArgumentException: Could not resolve placeholder 'RABBIT_HOST' in string value "${RABBIT_HOST}"
	at org.springframework.util.PropertyPlaceholderHelper.parseStringValue(PropertyPlaceholderHelper.java:173)
	at org.springframework.util.PropertyPlaceholderHelper.parseStringValue(PropertyPlaceholderHelper.java:161)
	at org.springframework.util.PropertyPlaceholderHelper.replacePlaceholders(PropertyPlaceholderHelper.java:125)
	at org.springframework.beans.factory.config.PropertyPlaceholderConfigurer$PlaceholderResolvingStringValueResolver.resolveStringValue(PropertyPlaceholderConfigurer.java:258)
	at org.springframework.beans.factory.config.BeanDefinitionVisitor.resolveStringValue(BeanDefinitionVisitor.java:282)
	at org.springframework.beans.factory.config.BeanDefinitionVisitor.resolveValue(BeanDefinitionVisitor.java:204)
	at org.springframework.beans.factory.config.BeanDefinitionVisitor.visitPropertyValues(BeanDefinitionVisitor.java:141)
	at org.springframework.beans.factory.config.BeanDefinitionVisitor.visitBeanDefinition(BeanDefinitionVisitor.java:82)
	at org.springframework.beans.factory.config.PlaceholderConfigurerSupport.doProcessProperties(PlaceholderConfigurerSupport.java:206)
	... 16 more
2016-03-29 10:18:23 [INFO ] [main] [AbstractApplicationContext::prepareRefresh] Refreshing com.h3c.oasis.o2oserver.bootstrap.g@1df8da7a: startup date [Tue Mar 29 10:18:23 CST 2016]; root of context hierarchy
2016-03-29 10:18:23 [INFO ] [main] [TomcatStartup::afterPropertiesSet] Starting Embedded Tomcat Server ...
2016-03-29 10:18:23 [ERROR] [main] [TomcatStartup::e] 
java.lang.NumberFormatException: For input string: "${HTTP_PORT}"
	at java.lang.NumberFormatException.forInputString(NumberFormatException.java:65)
	at java.lang.Integer.parseInt(Integer.java:569)
	at java.lang.Integer.parseInt(Integer.java:615)
	at com.h3c.oasis.o2oserver.bootstrap.TomcatStartup.e(TomcatStartup.java:244)
	at com.h3c.oasis.o2oserver.bootstrap.TomcatStartup.init(TomcatStartup.java:129)
	at com.h3c.oasis.o2oserver.bootstrap.TomcatStartup.afterPropertiesSet(TomcatStartup.java:86)
	at org.springframework.beans.factory.support.AbstractAutowireCapableBeanFactory.invokeInitMethods(AbstractAutowireCapableBeanFactory.java:1571)
	at org.springframework.beans.factory.support.AbstractAutowireCapableBeanFactory.initializeBean(AbstractAutowireCapableBeanFactory.java:1509)
	at org.springframework.beans.factory.support.AbstractAutowireCapableBeanFactory.doCreateBean(AbstractAutowireCapableBeanFactory.java:521)
	at org.springframework.beans.factory.support.AbstractAutowireCapableBeanFactory.createBean(AbstractAutowireCapableBeanFactory.java:458)
	at org.springframework.beans.factory.support.AbstractBeanFactory$1.getObject(AbstractBeanFactory.java:296)
	at org.springframework.beans.factory.support.DefaultSingletonBeanRegistry.getSingleton(DefaultSingletonBeanRegistry.java:223)
	at org.springframework.beans.factory.support.AbstractBeanFactory.doGetBean(AbstractBeanFactory.java:293)
	at org.springframework.beans.factory.support.AbstractBeanFactory.getBean(AbstractBeanFactory.java:194)
	at org.springframework.beans.factory.support.DefaultListableBeanFactory.preInstantiateSingletons(DefaultListableBeanFactory.java:633)
	at org.springframework.context.support.AbstractApplicationContext.finishBeanFactoryInitialization(AbstractApplicationContext.java:932)
	at org.springframework.context.support.AbstractApplicationContext.refresh(AbstractApplicationContext.java:479)
	at com.h3c.oasis.o2oserver.bootstrap.O2OServer.load(O2OServer.java:107)
	at sun.reflect.NativeMethodAccessorImpl.invoke0(Native Method)
	at sun.reflect.NativeMethodAccessorImpl.invoke(NativeMethodAccessorImpl.java:62)
	at sun.reflect.DelegatingMethodAccessorImpl.invoke(DelegatingMethodAccessorImpl.java:43)
	at java.lang.reflect.Method.invoke(Method.java:497)
	at com.h3c.oasis.bootstrap.ServerStartup.h(ServerStartup.java:626)
	at com.h3c.oasis.bootstrap.ServerStartup.f(ServerStartup.java:488)
	at com.h3c.oasis.bootstrap.ServerStartup.process(ServerStartup.java:361)
	at com.h3c.oasis.bootstrap.Bootstrap.a(Bootstrap.java:128)
	at com.h3c.oasis.bootstrap.Bootstrap.main(Bootstrap.java:238)
2016-03-29 10:18:23 [WARN ] [main] [TomcatStartup::afterPropertiesSet] Starting Embedded Tomcat Server failed, 
java.lang.IllegalArgumentException: invalid paramters in http.properties.
	at com.h3c.oasis.o2oserver.bootstrap.TomcatStartup.init(TomcatStartup.java:131)
	at com.h3c.oasis.o2oserver.bootstrap.TomcatStartup.afterPropertiesSet(TomcatStartup.java:86)
	at org.springframework.beans.factory.support.AbstractAutowireCapableBeanFactory.invokeInitMethods(AbstractAutowireCapableBeanFactory.java:1571)
	at org.springframework.beans.factory.support.AbstractAutowireCapableBeanFactory.initializeBean(AbstractAutowireCapableBeanFactory.java:1509)
	at org.springframework.beans.factory.support.AbstractAutowireCapableBeanFactory.doCreateBean(AbstractAutowireCapableBeanFactory.java:521)
	at org.springframework.beans.factory.support.AbstractAutowireCapableBeanFactory.createBean(AbstractAutowireCapableBeanFactory.java:458)
	at org.springframework.beans.factory.support.AbstractBeanFactory$1.getObject(AbstractBeanFactory.java:296)
	at org.springframework.beans.factory.support.DefaultSingletonBeanRegistry.getSingleton(DefaultSingletonBeanRegistry.java:223)
	at org.springframework.beans.factory.support.AbstractBeanFactory.doGetBean(AbstractBeanFactory.java:293)
	at org.springframework.beans.factory.support.AbstractBeanFactory.getBean(AbstractBeanFactory.java:194)
	at org.springframework.beans.factory.support.DefaultListableBeanFactory.preInstantiateSingletons(DefaultListableBeanFactory.java:633)
	at org.springframework.context.support.AbstractApplicationContext.finishBeanFactoryInitialization(AbstractApplicationContext.java:932)
	at org.springframework.context.support.AbstractApplicationContext.refresh(AbstractApplicationContext.java:479)
	at com.h3c.oasis.o2oserver.bootstrap.O2OServer.load(O2OServer.java:107)
	at sun.reflect.NativeMethodAccessorImpl.invoke0(Native Method)
	at sun.reflect.NativeMethodAccessorImpl.invoke(NativeMethodAccessorImpl.java:62)
	at sun.reflect.DelegatingMethodAccessorImpl.invoke(DelegatingMethodAccessorImpl.java:43)
	at java.lang.reflect.Method.invoke(Method.java:497)
	at com.h3c.oasis.bootstrap.ServerStartup.h(ServerStartup.java:626)
	at com.h3c.oasis.bootstrap.ServerStartup.f(ServerStartup.java:488)
	at com.h3c.oasis.bootstrap.ServerStartup.process(ServerStartup.java:361)
	at com.h3c.oasis.bootstrap.Bootstrap.a(Bootstrap.java:128)
	at com.h3c.oasis.bootstrap.Bootstrap.main(Bootstrap.java:238)
2016-03-29 10:18:23 [FATAL] [main] [O2OServer::load] Default context load failed.
2016-03-29 10:18:23 [FATAL] [main] [O2OServer::load] 
org.springframework.beans.factory.BeanCreationException: Error creating bean with name 'embeddedTomcat' defined in file [F:\workspace\lvzhou-auth\portal\O2O-PORTAL\conf\applicationContext.xml]: Invocation of init method failed; nested exception is java.lang.IllegalArgumentException: invalid paramters in http.properties.
	at org.springframework.beans.factory.support.AbstractAutowireCapableBeanFactory.initializeBean(AbstractAutowireCapableBeanFactory.java:1512)
	at org.springframework.beans.factory.support.AbstractAutowireCapableBeanFactory.doCreateBean(AbstractAutowireCapableBeanFactory.java:521)
	at org.springframework.beans.factory.support.AbstractAutowireCapableBeanFactory.createBean(AbstractAutowireCapableBeanFactory.java:458)
	at org.springframework.beans.factory.support.AbstractBeanFactory$1.getObject(AbstractBeanFactory.java:296)
	at org.springframework.beans.factory.support.DefaultSingletonBeanRegistry.getSingleton(DefaultSingletonBeanRegistry.java:223)
	at org.springframework.beans.factory.support.AbstractBeanFactory.doGetBean(AbstractBeanFactory.java:293)
	at org.springframework.beans.factory.support.AbstractBeanFactory.getBean(AbstractBeanFactory.java:194)
	at org.springframework.beans.factory.support.DefaultListableBeanFactory.preInstantiateSingletons(DefaultListableBeanFactory.java:633)
	at org.springframework.context.support.AbstractApplicationContext.finishBeanFactoryInitialization(AbstractApplicationContext.java:932)
	at org.springframework.context.support.AbstractApplicationContext.refresh(AbstractApplicationContext.java:479)
	at com.h3c.oasis.o2oserver.bootstrap.O2OServer.load(O2OServer.java:107)
	at sun.reflect.NativeMethodAccessorImpl.invoke0(Native Method)
	at sun.reflect.NativeMethodAccessorImpl.invoke(NativeMethodAccessorImpl.java:62)
	at sun.reflect.DelegatingMethodAccessorImpl.invoke(DelegatingMethodAccessorImpl.java:43)
	at java.lang.reflect.Method.invoke(Method.java:497)
	at com.h3c.oasis.bootstrap.ServerStartup.h(ServerStartup.java:626)
	at com.h3c.oasis.bootstrap.ServerStartup.f(ServerStartup.java:488)
	at com.h3c.oasis.bootstrap.ServerStartup.process(ServerStartup.java:361)
	at com.h3c.oasis.bootstrap.Bootstrap.a(Bootstrap.java:128)
	at com.h3c.oasis.bootstrap.Bootstrap.main(Bootstrap.java:238)
Caused by: java.lang.IllegalArgumentException: invalid paramters in http.properties.
	at com.h3c.oasis.o2oserver.bootstrap.TomcatStartup.init(TomcatStartup.java:131)
	at com.h3c.oasis.o2oserver.bootstrap.TomcatStartup.afterPropertiesSet(TomcatStartup.java:86)
	at org.springframework.beans.factory.support.AbstractAutowireCapableBeanFactory.invokeInitMethods(AbstractAutowireCapableBeanFactory.java:1571)
	at org.springframework.beans.factory.support.AbstractAutowireCapableBeanFactory.initializeBean(AbstractAutowireCapableBeanFactory.java:1509)
	... 19 more
2016-03-29 10:19:06 [INFO ] [main] [O2OServer::load] Start loading All Service...
2016-03-29 10:19:06 [INFO ] [main] [AbstractApplicationContext::prepareRefresh] Refreshing com.h3c.oasis.o2oserver.bootstrap.c@6295d394: startup date [Tue Mar 29 10:19:06 CST 2016]; root of context hierarchy
2016-03-29 10:19:07 [ERROR] [main] [ApplicationContextLocator::loadAllSvcContext] Load spring config files error, files=[F:\workspace\lvzhou-auth\portal\O2O-PORTAL\conf\o2oPortalAppContext.xml, F:\workspace\lvzhou-auth\portal\O2O-PORTAL\conf\portalCacheAppContext.xml]
org.springframework.beans.factory.BeanDefinitionStoreException: Invalid bean definition with name 'o2oportalConnectionFactory' defined in null: Could not resolve placeholder 'RABBIT_HOST' in string value "${RABBIT_HOST}"; nested exception is java.lang.IllegalArgumentException: Could not resolve placeholder 'RABBIT_HOST' in string value "${RABBIT_HOST}"
	at org.springframework.beans.factory.config.PlaceholderConfigurerSupport.doProcessProperties(PlaceholderConfigurerSupport.java:209)
	at org.springframework.beans.factory.config.PropertyPlaceholderConfigurer.processProperties(PropertyPlaceholderConfigurer.java:223)
	at org.springframework.beans.factory.config.PropertyResourceConfigurer.postProcessBeanFactory(PropertyResourceConfigurer.java:84)
	at org.springframework.context.support.AbstractApplicationContext.invokeBeanFactoryPostProcessors(AbstractApplicationContext.java:694)
	at org.springframework.context.support.AbstractApplicationContext.invokeBeanFactoryPostProcessors(AbstractApplicationContext.java:634)
	at org.springframework.context.support.AbstractApplicationContext.refresh(AbstractApplicationContext.java:461)
	at com.h3c.oasis.o2oserver.bootstrap.ApplicationContextLocator.loadAllSvcContext(ApplicationContextLocator.java:225)
	at com.h3c.oasis.o2oserver.bootstrap.O2OServer.load(O2OServer.java:75)
	at sun.reflect.NativeMethodAccessorImpl.invoke0(Native Method)
	at sun.reflect.NativeMethodAccessorImpl.invoke(NativeMethodAccessorImpl.java:62)
	at sun.reflect.DelegatingMethodAccessorImpl.invoke(DelegatingMethodAccessorImpl.java:43)
	at java.lang.reflect.Method.invoke(Method.java:497)
	at com.h3c.oasis.bootstrap.ServerStartup.h(ServerStartup.java:626)
	at com.h3c.oasis.bootstrap.ServerStartup.f(ServerStartup.java:488)
	at com.h3c.oasis.bootstrap.ServerStartup.process(ServerStartup.java:361)
	at com.h3c.oasis.bootstrap.Bootstrap.a(Bootstrap.java:128)
	at com.h3c.oasis.bootstrap.Bootstrap.main(Bootstrap.java:238)
Caused by: java.lang.IllegalArgumentException: Could not resolve placeholder 'RABBIT_HOST' in string value "${RABBIT_HOST}"
	at org.springframework.util.PropertyPlaceholderHelper.parseStringValue(PropertyPlaceholderHelper.java:173)
	at org.springframework.util.PropertyPlaceholderHelper.parseStringValue(PropertyPlaceholderHelper.java:161)
	at org.springframework.util.PropertyPlaceholderHelper.replacePlaceholders(PropertyPlaceholderHelper.java:125)
	at org.springframework.beans.factory.config.PropertyPlaceholderConfigurer$PlaceholderResolvingStringValueResolver.resolveStringValue(PropertyPlaceholderConfigurer.java:258)
	at org.springframework.beans.factory.config.BeanDefinitionVisitor.resolveStringValue(BeanDefinitionVisitor.java:282)
	at org.springframework.beans.factory.config.BeanDefinitionVisitor.resolveValue(BeanDefinitionVisitor.java:204)
	at org.springframework.beans.factory.config.BeanDefinitionVisitor.visitPropertyValues(BeanDefinitionVisitor.java:141)
	at org.springframework.beans.factory.config.BeanDefinitionVisitor.visitBeanDefinition(BeanDefinitionVisitor.java:82)
	at org.springframework.beans.factory.config.PlaceholderConfigurerSupport.doProcessProperties(PlaceholderConfigurerSupport.java:206)
	... 16 more
2016-03-29 10:19:07 [INFO ] [main] [AbstractApplicationContext::prepareRefresh] Refreshing com.h3c.oasis.o2oserver.bootstrap.g@1df8da7a: startup date [Tue Mar 29 10:19:07 CST 2016]; root of context hierarchy
2016-03-29 10:19:08 [INFO ] [main] [TomcatStartup::afterPropertiesSet] Starting Embedded Tomcat Server ...
2016-03-29 10:19:10 [ERROR] [main] [AbstractProtocol::init] Failed to initialize end point associated with ProtocolHandler ["http-bio-443"]
java.io.IOException: Keystore was tampered with, or password was incorrect
	at sun.security.provider.JavaKeyStore.engineLoad(JavaKeyStore.java:780)
	at sun.security.provider.JavaKeyStore$JKS.engineLoad(JavaKeyStore.java:56)
	at sun.security.provider.KeyStoreDelegator.engineLoad(KeyStoreDelegator.java:225)
	at sun.security.provider.JavaKeyStore$DualFormatJKS.engineLoad(JavaKeyStore.java:70)
	at java.security.KeyStore.load(KeyStore.java:1445)
	at org.apache.tomcat.util.net.jsse.JSSESocketFactory.getStore(JSSESocketFactory.java:392)
	at org.apache.tomcat.util.net.jsse.JSSESocketFactory.getKeystore(JSSESocketFactory.java:291)
	at org.apache.tomcat.util.net.jsse.JSSESocketFactory.getKeyManagers(JSSESocketFactory.java:549)
	at org.apache.tomcat.util.net.jsse.JSSESocketFactory.getKeyManagers(JSSESocketFactory.java:489)
	at org.apache.tomcat.util.net.jsse.JSSESocketFactory.init(JSSESocketFactory.java:434)
	at org.apache.tomcat.util.net.jsse.JSSESocketFactory.createSocket(JSSESocketFactory.java:181)
	at org.apache.tomcat.util.net.JIoEndpoint.bind(JIoEndpoint.java:393)
	at org.apache.tomcat.util.net.AbstractEndpoint.init(AbstractEndpoint.java:610)
	at org.apache.coyote.AbstractProtocol.init(AbstractProtocol.java:429)
	at org.apache.coyote.http11.AbstractHttp11JsseProtocol.init(AbstractHttp11JsseProtocol.java:119)
	at org.apache.catalina.connector.Connector.initInternal(Connector.java:981)
	at org.apache.catalina.util.LifecycleBase.init(LifecycleBase.java:102)
	at org.apache.catalina.core.StandardService.initInternal(StandardService.java:559)
	at org.apache.catalina.util.LifecycleBase.init(LifecycleBase.java:102)
	at org.apache.catalina.core.StandardServer.initInternal(StandardServer.java:814)
	at org.apache.catalina.util.LifecycleBase.init(LifecycleBase.java:102)
	at org.apache.catalina.startup.Catalina.load(Catalina.java:633)
	at org.apache.catalina.startup.Catalina.start(Catalina.java:672)
	at com.h3c.oasis.o2oserver.bootstrap.TomcatStartup.start(TomcatStartup.java:412)
	at com.h3c.oasis.o2oserver.bootstrap.TomcatStartup.afterPropertiesSet(TomcatStartup.java:87)
	at org.springframework.beans.factory.support.AbstractAutowireCapableBeanFactory.invokeInitMethods(AbstractAutowireCapableBeanFactory.java:1571)
	at org.springframework.beans.factory.support.AbstractAutowireCapableBeanFactory.initializeBean(AbstractAutowireCapableBeanFactory.java:1509)
	at org.springframework.beans.factory.support.AbstractAutowireCapableBeanFactory.doCreateBean(AbstractAutowireCapableBeanFactory.java:521)
	at org.springframework.beans.factory.support.AbstractAutowireCapableBeanFactory.createBean(AbstractAutowireCapableBeanFactory.java:458)
	at org.springframework.beans.factory.support.AbstractBeanFactory$1.getObject(AbstractBeanFactory.java:296)
	at org.springframework.beans.factory.support.DefaultSingletonBeanRegistry.getSingleton(DefaultSingletonBeanRegistry.java:223)
	at org.springframework.beans.factory.support.AbstractBeanFactory.doGetBean(AbstractBeanFactory.java:293)
	at org.springframework.beans.factory.support.AbstractBeanFactory.getBean(AbstractBeanFactory.java:194)
	at org.springframework.beans.factory.support.DefaultListableBeanFactory.preInstantiateSingletons(DefaultListableBeanFactory.java:633)
	at org.springframework.context.support.AbstractApplicationContext.finishBeanFactoryInitialization(AbstractApplicationContext.java:932)
	at org.springframework.context.support.AbstractApplicationContext.refresh(AbstractApplicationContext.java:479)
	at com.h3c.oasis.o2oserver.bootstrap.O2OServer.load(O2OServer.java:107)
	at sun.reflect.NativeMethodAccessorImpl.invoke0(Native Method)
	at sun.reflect.NativeMethodAccessorImpl.invoke(NativeMethodAccessorImpl.java:62)
	at sun.reflect.DelegatingMethodAccessorImpl.invoke(DelegatingMethodAccessorImpl.java:43)
	at java.lang.reflect.Method.invoke(Method.java:497)
	at com.h3c.oasis.bootstrap.ServerStartup.h(ServerStartup.java:626)
	at com.h3c.oasis.bootstrap.ServerStartup.f(ServerStartup.java:488)
	at com.h3c.oasis.bootstrap.ServerStartup.process(ServerStartup.java:361)
	at com.h3c.oasis.bootstrap.Bootstrap.a(Bootstrap.java:128)
	at com.h3c.oasis.bootstrap.Bootstrap.main(Bootstrap.java:238)
Caused by: java.security.UnrecoverableKeyException: Password verification failed
	at sun.security.provider.JavaKeyStore.engineLoad(JavaKeyStore.java:778)
	... 45 more
2016-03-29 10:19:10 [ERROR] [main] [StandardService::initInternal] Failed to initialize connector [Connector[HTTP/1.1-443]]
org.apache.catalina.LifecycleException: Failed to initialize component [Connector[HTTP/1.1-443]]
	at org.apache.catalina.util.LifecycleBase.init(LifecycleBase.java:106)
	at org.apache.catalina.core.StandardService.initInternal(StandardService.java:559)
	at org.apache.catalina.util.LifecycleBase.init(LifecycleBase.java:102)
	at org.apache.catalina.core.StandardServer.initInternal(StandardServer.java:814)
	at org.apache.catalina.util.LifecycleBase.init(LifecycleBase.java:102)
	at org.apache.catalina.startup.Catalina.load(Catalina.java:633)
	at org.apache.catalina.startup.Catalina.start(Catalina.java:672)
	at com.h3c.oasis.o2oserver.bootstrap.TomcatStartup.start(TomcatStartup.java:412)
	at com.h3c.oasis.o2oserver.bootstrap.TomcatStartup.afterPropertiesSet(TomcatStartup.java:87)
	at org.springframework.beans.factory.support.AbstractAutowireCapableBeanFactory.invokeInitMethods(AbstractAutowireCapableBeanFactory.java:1571)
	at org.springframework.beans.factory.support.AbstractAutowireCapableBeanFactory.initializeBean(AbstractAutowireCapableBeanFactory.java:1509)
	at org.springframework.beans.factory.support.AbstractAutowireCapableBeanFactory.doCreateBean(AbstractAutowireCapableBeanFactory.java:521)
	at org.springframework.beans.factory.support.AbstractAutowireCapableBeanFactory.createBean(AbstractAutowireCapableBeanFactory.java:458)
	at org.springframework.beans.factory.support.AbstractBeanFactory$1.getObject(AbstractBeanFactory.java:296)
	at org.springframework.beans.factory.support.DefaultSingletonBeanRegistry.getSingleton(DefaultSingletonBeanRegistry.java:223)
	at org.springframework.beans.factory.support.AbstractBeanFactory.doGetBean(AbstractBeanFactory.java:293)
	at org.springframework.beans.factory.support.AbstractBeanFactory.getBean(AbstractBeanFactory.java:194)
	at org.springframework.beans.factory.support.DefaultListableBeanFactory.preInstantiateSingletons(DefaultListableBeanFactory.java:633)
	at org.springframework.context.support.AbstractApplicationContext.finishBeanFactoryInitialization(AbstractApplicationContext.java:932)
	at org.springframework.context.support.AbstractApplicationContext.refresh(AbstractApplicationContext.java:479)
	at com.h3c.oasis.o2oserver.bootstrap.O2OServer.load(O2OServer.java:107)
	at sun.reflect.NativeMethodAccessorImpl.invoke0(Native Method)
	at sun.reflect.NativeMethodAccessorImpl.invoke(NativeMethodAccessorImpl.java:62)
	at sun.reflect.DelegatingMethodAccessorImpl.invoke(DelegatingMethodAccessorImpl.java:43)
	at java.lang.reflect.Method.invoke(Method.java:497)
	at com.h3c.oasis.bootstrap.ServerStartup.h(ServerStartup.java:626)
	at com.h3c.oasis.bootstrap.ServerStartup.f(ServerStartup.java:488)
	at com.h3c.oasis.bootstrap.ServerStartup.process(ServerStartup.java:361)
	at com.h3c.oasis.bootstrap.Bootstrap.a(Bootstrap.java:128)
	at com.h3c.oasis.bootstrap.Bootstrap.main(Bootstrap.java:238)
Caused by: org.apache.catalina.LifecycleException: Protocol handler initialization failed
	at org.apache.catalina.connector.Connector.initInternal(Connector.java:983)
	at org.apache.catalina.util.LifecycleBase.init(LifecycleBase.java:102)
	... 29 more
Caused by: java.io.IOException: Keystore was tampered with, or password was incorrect
	at sun.security.provider.JavaKeyStore.engineLoad(JavaKeyStore.java:780)
	at sun.security.provider.JavaKeyStore$JKS.engineLoad(JavaKeyStore.java:56)
	at sun.security.provider.KeyStoreDelegator.engineLoad(KeyStoreDelegator.java:225)
	at sun.security.provider.JavaKeyStore$DualFormatJKS.engineLoad(JavaKeyStore.java:70)
	at java.security.KeyStore.load(KeyStore.java:1445)
	at org.apache.tomcat.util.net.jsse.JSSESocketFactory.getStore(JSSESocketFactory.java:392)
	at org.apache.tomcat.util.net.jsse.JSSESocketFactory.getKeystore(JSSESocketFactory.java:291)
	at org.apache.tomcat.util.net.jsse.JSSESocketFactory.getKeyManagers(JSSESocketFactory.java:549)
	at org.apache.tomcat.util.net.jsse.JSSESocketFactory.getKeyManagers(JSSESocketFactory.java:489)
	at org.apache.tomcat.util.net.jsse.JSSESocketFactory.init(JSSESocketFactory.java:434)
	at org.apache.tomcat.util.net.jsse.JSSESocketFactory.createSocket(JSSESocketFactory.java:181)
	at org.apache.tomcat.util.net.JIoEndpoint.bind(JIoEndpoint.java:393)
	at org.apache.tomcat.util.net.AbstractEndpoint.init(AbstractEndpoint.java:610)
	at org.apache.coyote.AbstractProtocol.init(AbstractProtocol.java:429)
	at org.apache.coyote.http11.AbstractHttp11JsseProtocol.init(AbstractHttp11JsseProtocol.java:119)
	at org.apache.catalina.connector.Connector.initInternal(Connector.java:981)
	... 30 more
Caused by: java.security.UnrecoverableKeyException: Password verification failed
	at sun.security.provider.JavaKeyStore.engineLoad(JavaKeyStore.java:778)
	... 45 more
2016-03-29 10:19:12 [INFO ] [main] [TomcatStartup::afterPropertiesSet] Starting Embedded Tomcat Server succeeded. ...
2016-03-29 10:19:12 [INFO ] [main] [O2OServer::load] All Service loaded in 6144 ms.
2016-03-29 10:19:49 [INFO ] [main] [O2OServer::load] Start loading All Service...
2016-03-29 10:19:49 [INFO ] [main] [AbstractApplicationContext::prepareRefresh] Refreshing com.h3c.oasis.o2oserver.bootstrap.c@6295d394: startup date [Tue Mar 29 10:19:49 CST 2016]; root of context hierarchy
2016-03-29 10:19:51 [INFO ] [main] [AdaptableDataSource::afterPropertiesSet] Reconfigure AdaptableDataSource from server-addr.xml
2016-03-29 10:19:52 [INFO ] [main] [AdaptableAnnotationSessionFactoryBean::afterPropertiesSet] Reset hibernate.dialect = org.hibernate.dialect.MySQL5Dialect
2016-03-29 10:19:53 [INFO ] [main] [LocalSessionFactoryBean::buildSessionFactory] Building new Hibernate SessionFactory
2016-03-29 10:19:59 [INFO ] [main] [AbstractApplicationContext::prepareRefresh] Refreshing com.h3c.oasis.o2oserver.bootstrap.g@75a0c890: startup date [Tue Mar 29 10:19:59 CST 2016]; root of context hierarchy
2016-03-29 10:19:59 [INFO ] [main] [TomcatStartup::afterPropertiesSet] Starting Embedded Tomcat Server ...
2016-03-29 10:20:01 [ERROR] [main] [AbstractProtocol::init] Failed to initialize end point associated with ProtocolHandler ["http-bio-443"]
java.io.IOException: Keystore was tampered with, or password was incorrect
	at sun.security.provider.JavaKeyStore.engineLoad(JavaKeyStore.java:780)
	at sun.security.provider.JavaKeyStore$JKS.engineLoad(JavaKeyStore.java:56)
	at sun.security.provider.KeyStoreDelegator.engineLoad(KeyStoreDelegator.java:225)
	at sun.security.provider.JavaKeyStore$DualFormatJKS.engineLoad(JavaKeyStore.java:70)
	at java.security.KeyStore.load(KeyStore.java:1445)
	at org.apache.tomcat.util.net.jsse.JSSESocketFactory.getStore(JSSESocketFactory.java:392)
	at org.apache.tomcat.util.net.jsse.JSSESocketFactory.getKeystore(JSSESocketFactory.java:291)
	at org.apache.tomcat.util.net.jsse.JSSESocketFactory.getKeyManagers(JSSESocketFactory.java:549)
	at org.apache.tomcat.util.net.jsse.JSSESocketFactory.getKeyManagers(JSSESocketFactory.java:489)
	at org.apache.tomcat.util.net.jsse.JSSESocketFactory.init(JSSESocketFactory.java:434)
	at org.apache.tomcat.util.net.jsse.JSSESocketFactory.createSocket(JSSESocketFactory.java:181)
	at org.apache.tomcat.util.net.JIoEndpoint.bind(JIoEndpoint.java:393)
	at org.apache.tomcat.util.net.AbstractEndpoint.init(AbstractEndpoint.java:610)
	at org.apache.coyote.AbstractProtocol.init(AbstractProtocol.java:429)
	at org.apache.coyote.http11.AbstractHttp11JsseProtocol.init(AbstractHttp11JsseProtocol.java:119)
	at org.apache.catalina.connector.Connector.initInternal(Connector.java:981)
	at org.apache.catalina.util.LifecycleBase.init(LifecycleBase.java:102)
	at org.apache.catalina.core.StandardService.initInternal(StandardService.java:559)
	at org.apache.catalina.util.LifecycleBase.init(LifecycleBase.java:102)
	at org.apache.catalina.core.StandardServer.initInternal(StandardServer.java:814)
	at org.apache.catalina.util.LifecycleBase.init(LifecycleBase.java:102)
	at org.apache.catalina.startup.Catalina.load(Catalina.java:633)
	at org.apache.catalina.startup.Catalina.start(Catalina.java:672)
	at com.h3c.oasis.o2oserver.bootstrap.TomcatStartup.start(TomcatStartup.java:412)
	at com.h3c.oasis.o2oserver.bootstrap.TomcatStartup.afterPropertiesSet(TomcatStartup.java:87)
	at org.springframework.beans.factory.support.AbstractAutowireCapableBeanFactory.invokeInitMethods(AbstractAutowireCapableBeanFactory.java:1571)
	at org.springframework.beans.factory.support.AbstractAutowireCapableBeanFactory.initializeBean(AbstractAutowireCapableBeanFactory.java:1509)
	at org.springframework.beans.factory.support.AbstractAutowireCapableBeanFactory.doCreateBean(AbstractAutowireCapableBeanFactory.java:521)
	at org.springframework.beans.factory.support.AbstractAutowireCapableBeanFactory.createBean(AbstractAutowireCapableBeanFactory.java:458)
	at org.springframework.beans.factory.support.AbstractBeanFactory$1.getObject(AbstractBeanFactory.java:296)
	at org.springframework.beans.factory.support.DefaultSingletonBeanRegistry.getSingleton(DefaultSingletonBeanRegistry.java:223)
	at org.springframework.beans.factory.support.AbstractBeanFactory.doGetBean(AbstractBeanFactory.java:293)
	at org.springframework.beans.factory.support.AbstractBeanFactory.getBean(AbstractBeanFactory.java:194)
	at org.springframework.beans.factory.support.DefaultListableBeanFactory.preInstantiateSingletons(DefaultListableBeanFactory.java:633)
	at org.springframework.context.support.AbstractApplicationContext.finishBeanFactoryInitialization(AbstractApplicationContext.java:932)
	at org.springframework.context.support.AbstractApplicationContext.refresh(AbstractApplicationContext.java:479)
	at com.h3c.oasis.o2oserver.bootstrap.O2OServer.load(O2OServer.java:107)
	at sun.reflect.NativeMethodAccessorImpl.invoke0(Native Method)
	at sun.reflect.NativeMethodAccessorImpl.invoke(NativeMethodAccessorImpl.java:62)
	at sun.reflect.DelegatingMethodAccessorImpl.invoke(DelegatingMethodAccessorImpl.java:43)
	at java.lang.reflect.Method.invoke(Method.java:497)
	at com.h3c.oasis.bootstrap.ServerStartup.h(ServerStartup.java:626)
	at com.h3c.oasis.bootstrap.ServerStartup.f(ServerStartup.java:488)
	at com.h3c.oasis.bootstrap.ServerStartup.process(ServerStartup.java:361)
	at com.h3c.oasis.bootstrap.Bootstrap.a(Bootstrap.java:128)
	at com.h3c.oasis.bootstrap.Bootstrap.main(Bootstrap.java:238)
Caused by: java.security.UnrecoverableKeyException: Password verification failed
	at sun.security.provider.JavaKeyStore.engineLoad(JavaKeyStore.java:778)
	... 45 more
2016-03-29 10:20:01 [ERROR] [main] [StandardService::initInternal] Failed to initialize connector [Connector[HTTP/1.1-443]]
org.apache.catalina.LifecycleException: Failed to initialize component [Connector[HTTP/1.1-443]]
	at org.apache.catalina.util.LifecycleBase.init(LifecycleBase.java:106)
	at org.apache.catalina.core.StandardService.initInternal(StandardService.java:559)
	at org.apache.catalina.util.LifecycleBase.init(LifecycleBase.java:102)
	at org.apache.catalina.core.StandardServer.initInternal(StandardServer.java:814)
	at org.apache.catalina.util.LifecycleBase.init(LifecycleBase.java:102)
	at org.apache.catalina.startup.Catalina.load(Catalina.java:633)
	at org.apache.catalina.startup.Catalina.start(Catalina.java:672)
	at com.h3c.oasis.o2oserver.bootstrap.TomcatStartup.start(TomcatStartup.java:412)
	at com.h3c.oasis.o2oserver.bootstrap.TomcatStartup.afterPropertiesSet(TomcatStartup.java:87)
	at org.springframework.beans.factory.support.AbstractAutowireCapableBeanFactory.invokeInitMethods(AbstractAutowireCapableBeanFactory.java:1571)
	at org.springframework.beans.factory.support.AbstractAutowireCapableBeanFactory.initializeBean(AbstractAutowireCapableBeanFactory.java:1509)
	at org.springframework.beans.factory.support.AbstractAutowireCapableBeanFactory.doCreateBean(AbstractAutowireCapableBeanFactory.java:521)
	at org.springframework.beans.factory.support.AbstractAutowireCapableBeanFactory.createBean(AbstractAutowireCapableBeanFactory.java:458)
	at org.springframework.beans.factory.support.AbstractBeanFactory$1.getObject(AbstractBeanFactory.java:296)
	at org.springframework.beans.factory.support.DefaultSingletonBeanRegistry.getSingleton(DefaultSingletonBeanRegistry.java:223)
	at org.springframework.beans.factory.support.AbstractBeanFactory.doGetBean(AbstractBeanFactory.java:293)
	at org.springframework.beans.factory.support.AbstractBeanFactory.getBean(AbstractBeanFactory.java:194)
	at org.springframework.beans.factory.support.DefaultListableBeanFactory.preInstantiateSingletons(DefaultListableBeanFactory.java:633)
	at org.springframework.context.support.AbstractApplicationContext.finishBeanFactoryInitialization(AbstractApplicationContext.java:932)
	at org.springframework.context.support.AbstractApplicationContext.refresh(AbstractApplicationContext.java:479)
	at com.h3c.oasis.o2oserver.bootstrap.O2OServer.load(O2OServer.java:107)
	at sun.reflect.NativeMethodAccessorImpl.invoke0(Native Method)
	at sun.reflect.NativeMethodAccessorImpl.invoke(NativeMethodAccessorImpl.java:62)
	at sun.reflect.DelegatingMethodAccessorImpl.invoke(DelegatingMethodAccessorImpl.java:43)
	at java.lang.reflect.Method.invoke(Method.java:497)
	at com.h3c.oasis.bootstrap.ServerStartup.h(ServerStartup.java:626)
	at com.h3c.oasis.bootstrap.ServerStartup.f(ServerStartup.java:488)
	at com.h3c.oasis.bootstrap.ServerStartup.process(ServerStartup.java:361)
	at com.h3c.oasis.bootstrap.Bootstrap.a(Bootstrap.java:128)
	at com.h3c.oasis.bootstrap.Bootstrap.main(Bootstrap.java:238)
Caused by: org.apache.catalina.LifecycleException: Protocol handler initialization failed
	at org.apache.catalina.connector.Connector.initInternal(Connector.java:983)
	at org.apache.catalina.util.LifecycleBase.init(LifecycleBase.java:102)
	... 29 more
Caused by: java.io.IOException: Keystore was tampered with, or password was incorrect
	at sun.security.provider.JavaKeyStore.engineLoad(JavaKeyStore.java:780)
	at sun.security.provider.JavaKeyStore$JKS.engineLoad(JavaKeyStore.java:56)
	at sun.security.provider.KeyStoreDelegator.engineLoad(KeyStoreDelegator.java:225)
	at sun.security.provider.JavaKeyStore$DualFormatJKS.engineLoad(JavaKeyStore.java:70)
	at java.security.KeyStore.load(KeyStore.java:1445)
	at org.apache.tomcat.util.net.jsse.JSSESocketFactory.getStore(JSSESocketFactory.java:392)
	at org.apache.tomcat.util.net.jsse.JSSESocketFactory.getKeystore(JSSESocketFactory.java:291)
	at org.apache.tomcat.util.net.jsse.JSSESocketFactory.getKeyManagers(JSSESocketFactory.java:549)
	at org.apache.tomcat.util.net.jsse.JSSESocketFactory.getKeyManagers(JSSESocketFactory.java:489)
	at org.apache.tomcat.util.net.jsse.JSSESocketFactory.init(JSSESocketFactory.java:434)
	at org.apache.tomcat.util.net.jsse.JSSESocketFactory.createSocket(JSSESocketFactory.java:181)
	at org.apache.tomcat.util.net.JIoEndpoint.bind(JIoEndpoint.java:393)
	at org.apache.tomcat.util.net.AbstractEndpoint.init(AbstractEndpoint.java:610)
	at org.apache.coyote.AbstractProtocol.init(AbstractProtocol.java:429)
	at org.apache.coyote.http11.AbstractHttp11JsseProtocol.init(AbstractHttp11JsseProtocol.java:119)
	at org.apache.catalina.connector.Connector.initInternal(Connector.java:981)
	... 30 more
Caused by: java.security.UnrecoverableKeyException: Password verification failed
	at sun.security.provider.JavaKeyStore.engineLoad(JavaKeyStore.java:778)
	... 45 more
2016-03-29 10:20:03 [INFO ] [main] [TomcatStartup::afterPropertiesSet] Starting Embedded Tomcat Server succeeded. ...
2016-03-29 10:20:03 [INFO ] [main] [O2OServer::load] All Service loaded in 14415 ms.
2016-03-29 10:25:10 [INFO ] [main] [O2OServer::load] Start loading All Service...
2016-03-29 10:25:10 [INFO ] [main] [AbstractApplicationContext::prepareRefresh] Refreshing com.h3c.oasis.o2oserver.bootstrap.c@6295d394: startup date [Tue Mar 29 10:25:10 CST 2016]; root of context hierarchy
2016-03-29 10:25:12 [INFO ] [main] [AdaptableDataSource::afterPropertiesSet] Reconfigure AdaptableDataSource from server-addr.xml
2016-03-29 10:25:13 [INFO ] [main] [AdaptableAnnotationSessionFactoryBean::afterPropertiesSet] Reset hibernate.dialect = org.hibernate.dialect.MySQL5Dialect
2016-03-29 10:25:14 [INFO ] [main] [LocalSessionFactoryBean::buildSessionFactory] Building new Hibernate SessionFactory
2016-03-29 10:25:19 [INFO ] [main] [AbstractApplicationContext::prepareRefresh] Refreshing com.h3c.oasis.o2oserver.bootstrap.g@9679750: startup date [Tue Mar 29 10:25:19 CST 2016]; root of context hierarchy
2016-03-29 10:25:19 [INFO ] [main] [TomcatStartup::afterPropertiesSet] Starting Embedded Tomcat Server ...
2016-03-29 10:25:21 [ERROR] [main] [AbstractProtocol::init] Failed to initialize end point associated with ProtocolHandler ["http-bio-443"]
java.io.IOException: Keystore was tampered with, or password was incorrect
	at sun.security.provider.JavaKeyStore.engineLoad(JavaKeyStore.java:780)
	at sun.security.provider.JavaKeyStore$JKS.engineLoad(JavaKeyStore.java:56)
	at sun.security.provider.KeyStoreDelegator.engineLoad(KeyStoreDelegator.java:225)
	at sun.security.provider.JavaKeyStore$DualFormatJKS.engineLoad(JavaKeyStore.java:70)
	at java.security.KeyStore.load(KeyStore.java:1445)
	at org.apache.tomcat.util.net.jsse.JSSESocketFactory.getStore(JSSESocketFactory.java:392)
	at org.apache.tomcat.util.net.jsse.JSSESocketFactory.getKeystore(JSSESocketFactory.java:291)
	at org.apache.tomcat.util.net.jsse.JSSESocketFactory.getKeyManagers(JSSESocketFactory.java:549)
	at org.apache.tomcat.util.net.jsse.JSSESocketFactory.getKeyManagers(JSSESocketFactory.java:489)
	at org.apache.tomcat.util.net.jsse.JSSESocketFactory.init(JSSESocketFactory.java:434)
	at org.apache.tomcat.util.net.jsse.JSSESocketFactory.createSocket(JSSESocketFactory.java:181)
	at org.apache.tomcat.util.net.JIoEndpoint.bind(JIoEndpoint.java:393)
	at org.apache.tomcat.util.net.AbstractEndpoint.init(AbstractEndpoint.java:610)
	at org.apache.coyote.AbstractProtocol.init(AbstractProtocol.java:429)
	at org.apache.coyote.http11.AbstractHttp11JsseProtocol.init(AbstractHttp11JsseProtocol.java:119)
	at org.apache.catalina.connector.Connector.initInternal(Connector.java:981)
	at org.apache.catalina.util.LifecycleBase.init(LifecycleBase.java:102)
	at org.apache.catalina.core.StandardService.initInternal(StandardService.java:559)
	at org.apache.catalina.util.LifecycleBase.init(LifecycleBase.java:102)
	at org.apache.catalina.core.StandardServer.initInternal(StandardServer.java:814)
	at org.apache.catalina.util.LifecycleBase.init(LifecycleBase.java:102)
	at org.apache.catalina.startup.Catalina.load(Catalina.java:633)
	at org.apache.catalina.startup.Catalina.start(Catalina.java:672)
	at com.h3c.oasis.o2oserver.bootstrap.TomcatStartup.start(TomcatStartup.java:412)
	at com.h3c.oasis.o2oserver.bootstrap.TomcatStartup.afterPropertiesSet(TomcatStartup.java:87)
	at org.springframework.beans.factory.support.AbstractAutowireCapableBeanFactory.invokeInitMethods(AbstractAutowireCapableBeanFactory.java:1571)
	at org.springframework.beans.factory.support.AbstractAutowireCapableBeanFactory.initializeBean(AbstractAutowireCapableBeanFactory.java:1509)
	at org.springframework.beans.factory.support.AbstractAutowireCapableBeanFactory.doCreateBean(AbstractAutowireCapableBeanFactory.java:521)
	at org.springframework.beans.factory.support.AbstractAutowireCapableBeanFactory.createBean(AbstractAutowireCapableBeanFactory.java:458)
	at org.springframework.beans.factory.support.AbstractBeanFactory$1.getObject(AbstractBeanFactory.java:296)
	at org.springframework.beans.factory.support.DefaultSingletonBeanRegistry.getSingleton(DefaultSingletonBeanRegistry.java:223)
	at org.springframework.beans.factory.support.AbstractBeanFactory.doGetBean(AbstractBeanFactory.java:293)
	at org.springframework.beans.factory.support.AbstractBeanFactory.getBean(AbstractBeanFactory.java:194)
	at org.springframework.beans.factory.support.DefaultListableBeanFactory.preInstantiateSingletons(DefaultListableBeanFactory.java:633)
	at org.springframework.context.support.AbstractApplicationContext.finishBeanFactoryInitialization(AbstractApplicationContext.java:932)
	at org.springframework.context.support.AbstractApplicationContext.refresh(AbstractApplicationContext.java:479)
	at com.h3c.oasis.o2oserver.bootstrap.O2OServer.load(O2OServer.java:107)
	at sun.reflect.NativeMethodAccessorImpl.invoke0(Native Method)
	at sun.reflect.NativeMethodAccessorImpl.invoke(NativeMethodAccessorImpl.java:62)
	at sun.reflect.DelegatingMethodAccessorImpl.invoke(DelegatingMethodAccessorImpl.java:43)
	at java.lang.reflect.Method.invoke(Method.java:497)
	at com.h3c.oasis.bootstrap.ServerStartup.h(ServerStartup.java:626)
	at com.h3c.oasis.bootstrap.ServerStartup.f(ServerStartup.java:488)
	at com.h3c.oasis.bootstrap.ServerStartup.process(ServerStartup.java:361)
	at com.h3c.oasis.bootstrap.Bootstrap.a(Bootstrap.java:128)
	at com.h3c.oasis.bootstrap.Bootstrap.main(Bootstrap.java:238)
Caused by: java.security.UnrecoverableKeyException: Password verification failed
	at sun.security.provider.JavaKeyStore.engineLoad(JavaKeyStore.java:778)
	... 45 more
2016-03-29 10:25:21 [ERROR] [main] [StandardService::initInternal] Failed to initialize connector [Connector[HTTP/1.1-443]]
org.apache.catalina.LifecycleException: Failed to initialize component [Connector[HTTP/1.1-443]]
	at org.apache.catalina.util.LifecycleBase.init(LifecycleBase.java:106)
	at org.apache.catalina.core.StandardService.initInternal(StandardService.java:559)
	at org.apache.catalina.util.LifecycleBase.init(LifecycleBase.java:102)
	at org.apache.catalina.core.StandardServer.initInternal(StandardServer.java:814)
	at org.apache.catalina.util.LifecycleBase.init(LifecycleBase.java:102)
	at org.apache.catalina.startup.Catalina.load(Catalina.java:633)
	at org.apache.catalina.startup.Catalina.start(Catalina.java:672)
	at com.h3c.oasis.o2oserver.bootstrap.TomcatStartup.start(TomcatStartup.java:412)
	at com.h3c.oasis.o2oserver.bootstrap.TomcatStartup.afterPropertiesSet(TomcatStartup.java:87)
	at org.springframework.beans.factory.support.AbstractAutowireCapableBeanFactory.invokeInitMethods(AbstractAutowireCapableBeanFactory.java:1571)
	at org.springframework.beans.factory.support.AbstractAutowireCapableBeanFactory.initializeBean(AbstractAutowireCapableBeanFactory.java:1509)
	at org.springframework.beans.factory.support.AbstractAutowireCapableBeanFactory.doCreateBean(AbstractAutowireCapableBeanFactory.java:521)
	at org.springframework.beans.factory.support.AbstractAutowireCapableBeanFactory.createBean(AbstractAutowireCapableBeanFactory.java:458)
	at org.springframework.beans.factory.support.AbstractBeanFactory$1.getObject(AbstractBeanFactory.java:296)
	at org.springframework.beans.factory.support.DefaultSingletonBeanRegistry.getSingleton(DefaultSingletonBeanRegistry.java:223)
	at org.springframework.beans.factory.support.AbstractBeanFactory.doGetBean(AbstractBeanFactory.java:293)
	at org.springframework.beans.factory.support.AbstractBeanFactory.getBean(AbstractBeanFactory.java:194)
	at org.springframework.beans.factory.support.DefaultListableBeanFactory.preInstantiateSingletons(DefaultListableBeanFactory.java:633)
	at org.springframework.context.support.AbstractApplicationContext.finishBeanFactoryInitialization(AbstractApplicationContext.java:932)
	at org.springframework.context.support.AbstractApplicationContext.refresh(AbstractApplicationContext.java:479)
	at com.h3c.oasis.o2oserver.bootstrap.O2OServer.load(O2OServer.java:107)
	at sun.reflect.NativeMethodAccessorImpl.invoke0(Native Method)
	at sun.reflect.NativeMethodAccessorImpl.invoke(NativeMethodAccessorImpl.java:62)
	at sun.reflect.DelegatingMethodAccessorImpl.invoke(DelegatingMethodAccessorImpl.java:43)
	at java.lang.reflect.Method.invoke(Method.java:497)
	at com.h3c.oasis.bootstrap.ServerStartup.h(ServerStartup.java:626)
	at com.h3c.oasis.bootstrap.ServerStartup.f(ServerStartup.java:488)
	at com.h3c.oasis.bootstrap.ServerStartup.process(ServerStartup.java:361)
	at com.h3c.oasis.bootstrap.Bootstrap.a(Bootstrap.java:128)
	at com.h3c.oasis.bootstrap.Bootstrap.main(Bootstrap.java:238)
Caused by: org.apache.catalina.LifecycleException: Protocol handler initialization failed
	at org.apache.catalina.connector.Connector.initInternal(Connector.java:983)
	at org.apache.catalina.util.LifecycleBase.init(LifecycleBase.java:102)
	... 29 more
Caused by: java.io.IOException: Keystore was tampered with, or password was incorrect
	at sun.security.provider.JavaKeyStore.engineLoad(JavaKeyStore.java:780)
	at sun.security.provider.JavaKeyStore$JKS.engineLoad(JavaKeyStore.java:56)
	at sun.security.provider.KeyStoreDelegator.engineLoad(KeyStoreDelegator.java:225)
	at sun.security.provider.JavaKeyStore$DualFormatJKS.engineLoad(JavaKeyStore.java:70)
	at java.security.KeyStore.load(KeyStore.java:1445)
	at org.apache.tomcat.util.net.jsse.JSSESocketFactory.getStore(JSSESocketFactory.java:392)
	at org.apache.tomcat.util.net.jsse.JSSESocketFactory.getKeystore(JSSESocketFactory.java:291)
	at org.apache.tomcat.util.net.jsse.JSSESocketFactory.getKeyManagers(JSSESocketFactory.java:549)
	at org.apache.tomcat.util.net.jsse.JSSESocketFactory.getKeyManagers(JSSESocketFactory.java:489)
	at org.apache.tomcat.util.net.jsse.JSSESocketFactory.init(JSSESocketFactory.java:434)
	at org.apache.tomcat.util.net.jsse.JSSESocketFactory.createSocket(JSSESocketFactory.java:181)
	at org.apache.tomcat.util.net.JIoEndpoint.bind(JIoEndpoint.java:393)
	at org.apache.tomcat.util.net.AbstractEndpoint.init(AbstractEndpoint.java:610)
	at org.apache.coyote.AbstractProtocol.init(AbstractProtocol.java:429)
	at org.apache.coyote.http11.AbstractHttp11JsseProtocol.init(AbstractHttp11JsseProtocol.java:119)
	at org.apache.catalina.connector.Connector.initInternal(Connector.java:981)
	... 30 more
Caused by: java.security.UnrecoverableKeyException: Password verification failed
	at sun.security.provider.JavaKeyStore.engineLoad(JavaKeyStore.java:778)
	... 45 more
2016-03-29 10:25:23 [INFO ] [main] [TomcatStartup::afterPropertiesSet] Starting Embedded Tomcat Server succeeded. ...
2016-03-29 10:25:23 [INFO ] [main] [O2OServer::load] All Service loaded in 12912 ms.
2016-03-29 10:35:00 [INFO ] [pool-4-thread-1] [CacheCleanTask::update] Cache updated in 0s
2016-03-29 13:45:47 [INFO ] [main] [O2OServer::load] Start loading All Service...
2016-03-29 13:45:47 [INFO ] [main] [AbstractApplicationContext::prepareRefresh] Refreshing com.h3c.oasis.o2oserver.bootstrap.c@6295d394: startup date [Tue Mar 29 13:45:47 CST 2016]; root of context hierarchy
2016-03-29 13:45:49 [INFO ] [main] [AdaptableDataSource::afterPropertiesSet] Reconfigure AdaptableDataSource from server-addr.xml
2016-03-29 13:45:50 [INFO ] [main] [AdaptableAnnotationSessionFactoryBean::afterPropertiesSet] Reset hibernate.dialect = org.hibernate.dialect.MySQL5Dialect
2016-03-29 13:45:51 [INFO ] [main] [LocalSessionFactoryBean::buildSessionFactory] Building new Hibernate SessionFactory
2016-03-29 13:45:56 [INFO ] [main] [AbstractApplicationContext::prepareRefresh] Refreshing com.h3c.oasis.o2oserver.bootstrap.g@3791f50e: startup date [Tue Mar 29 13:45:56 CST 2016]; root of context hierarchy
2016-03-29 13:45:57 [INFO ] [main] [TomcatStartup::afterPropertiesSet] Starting Embedded Tomcat Server ...
2016-03-29 13:45:59 [ERROR] [main] [AbstractProtocol::init] Failed to initialize end point associated with ProtocolHandler ["http-bio-443"]
java.io.IOException: Keystore was tampered with, or password was incorrect
	at sun.security.provider.JavaKeyStore.engineLoad(JavaKeyStore.java:780)
	at sun.security.provider.JavaKeyStore$JKS.engineLoad(JavaKeyStore.java:56)
	at sun.security.provider.KeyStoreDelegator.engineLoad(KeyStoreDelegator.java:225)
	at sun.security.provider.JavaKeyStore$DualFormatJKS.engineLoad(JavaKeyStore.java:70)
	at java.security.KeyStore.load(KeyStore.java:1445)
	at org.apache.tomcat.util.net.jsse.JSSESocketFactory.getStore(JSSESocketFactory.java:392)
	at org.apache.tomcat.util.net.jsse.JSSESocketFactory.getKeystore(JSSESocketFactory.java:291)
	at org.apache.tomcat.util.net.jsse.JSSESocketFactory.getKeyManagers(JSSESocketFactory.java:549)
	at org.apache.tomcat.util.net.jsse.JSSESocketFactory.getKeyManagers(JSSESocketFactory.java:489)
	at org.apache.tomcat.util.net.jsse.JSSESocketFactory.init(JSSESocketFactory.java:434)
	at org.apache.tomcat.util.net.jsse.JSSESocketFactory.createSocket(JSSESocketFactory.java:181)
	at org.apache.tomcat.util.net.JIoEndpoint.bind(JIoEndpoint.java:393)
	at org.apache.tomcat.util.net.AbstractEndpoint.init(AbstractEndpoint.java:610)
	at org.apache.coyote.AbstractProtocol.init(AbstractProtocol.java:429)
	at org.apache.coyote.http11.AbstractHttp11JsseProtocol.init(AbstractHttp11JsseProtocol.java:119)
	at org.apache.catalina.connector.Connector.initInternal(Connector.java:981)
	at org.apache.catalina.util.LifecycleBase.init(LifecycleBase.java:102)
	at org.apache.catalina.core.StandardService.initInternal(StandardService.java:559)
	at org.apache.catalina.util.LifecycleBase.init(LifecycleBase.java:102)
	at org.apache.catalina.core.StandardServer.initInternal(StandardServer.java:814)
	at org.apache.catalina.util.LifecycleBase.init(LifecycleBase.java:102)
	at org.apache.catalina.startup.Catalina.load(Catalina.java:633)
	at org.apache.catalina.startup.Catalina.start(Catalina.java:672)
	at com.h3c.oasis.o2oserver.bootstrap.TomcatStartup.start(TomcatStartup.java:412)
	at com.h3c.oasis.o2oserver.bootstrap.TomcatStartup.afterPropertiesSet(TomcatStartup.java:87)
	at org.springframework.beans.factory.support.AbstractAutowireCapableBeanFactory.invokeInitMethods(AbstractAutowireCapableBeanFactory.java:1571)
	at org.springframework.beans.factory.support.AbstractAutowireCapableBeanFactory.initializeBean(AbstractAutowireCapableBeanFactory.java:1509)
	at org.springframework.beans.factory.support.AbstractAutowireCapableBeanFactory.doCreateBean(AbstractAutowireCapableBeanFactory.java:521)
	at org.springframework.beans.factory.support.AbstractAutowireCapableBeanFactory.createBean(AbstractAutowireCapableBeanFactory.java:458)
	at org.springframework.beans.factory.support.AbstractBeanFactory$1.getObject(AbstractBeanFactory.java:296)
	at org.springframework.beans.factory.support.DefaultSingletonBeanRegistry.getSingleton(DefaultSingletonBeanRegistry.java:223)
	at org.springframework.beans.factory.support.AbstractBeanFactory.doGetBean(AbstractBeanFactory.java:293)
	at org.springframework.beans.factory.support.AbstractBeanFactory.getBean(AbstractBeanFactory.java:194)
	at org.springframework.beans.factory.support.DefaultListableBeanFactory.preInstantiateSingletons(DefaultListableBeanFactory.java:633)
	at org.springframework.context.support.AbstractApplicationContext.finishBeanFactoryInitialization(AbstractApplicationContext.java:932)
	at org.springframework.context.support.AbstractApplicationContext.refresh(AbstractApplicationContext.java:479)
	at com.h3c.oasis.o2oserver.bootstrap.O2OServer.load(O2OServer.java:107)
	at sun.reflect.NativeMethodAccessorImpl.invoke0(Native Method)
	at sun.reflect.NativeMethodAccessorImpl.invoke(NativeMethodAccessorImpl.java:62)
	at sun.reflect.DelegatingMethodAccessorImpl.invoke(DelegatingMethodAccessorImpl.java:43)
	at java.lang.reflect.Method.invoke(Method.java:497)
	at com.h3c.oasis.bootstrap.ServerStartup.h(ServerStartup.java:626)
	at com.h3c.oasis.bootstrap.ServerStartup.f(ServerStartup.java:488)
	at com.h3c.oasis.bootstrap.ServerStartup.process(ServerStartup.java:361)
	at com.h3c.oasis.bootstrap.Bootstrap.a(Bootstrap.java:128)
	at com.h3c.oasis.bootstrap.Bootstrap.main(Bootstrap.java:238)
Caused by: java.security.UnrecoverableKeyException: Password verification failed
	at sun.security.provider.JavaKeyStore.engineLoad(JavaKeyStore.java:778)
	... 45 more
2016-03-29 13:45:59 [ERROR] [main] [StandardService::initInternal] Failed to initialize connector [Connector[HTTP/1.1-443]]
org.apache.catalina.LifecycleException: Failed to initialize component [Connector[HTTP/1.1-443]]
	at org.apache.catalina.util.LifecycleBase.init(LifecycleBase.java:106)
	at org.apache.catalina.core.StandardService.initInternal(StandardService.java:559)
	at org.apache.catalina.util.LifecycleBase.init(LifecycleBase.java:102)
	at org.apache.catalina.core.StandardServer.initInternal(StandardServer.java:814)
	at org.apache.catalina.util.LifecycleBase.init(LifecycleBase.java:102)
	at org.apache.catalina.startup.Catalina.load(Catalina.java:633)
	at org.apache.catalina.startup.Catalina.start(Catalina.java:672)
	at com.h3c.oasis.o2oserver.bootstrap.TomcatStartup.start(TomcatStartup.java:412)
	at com.h3c.oasis.o2oserver.bootstrap.TomcatStartup.afterPropertiesSet(TomcatStartup.java:87)
	at org.springframework.beans.factory.support.AbstractAutowireCapableBeanFactory.invokeInitMethods(AbstractAutowireCapableBeanFactory.java:1571)
	at org.springframework.beans.factory.support.AbstractAutowireCapableBeanFactory.initializeBean(AbstractAutowireCapableBeanFactory.java:1509)
	at org.springframework.beans.factory.support.AbstractAutowireCapableBeanFactory.doCreateBean(AbstractAutowireCapableBeanFactory.java:521)
	at org.springframework.beans.factory.support.AbstractAutowireCapableBeanFactory.createBean(AbstractAutowireCapableBeanFactory.java:458)
	at org.springframework.beans.factory.support.AbstractBeanFactory$1.getObject(AbstractBeanFactory.java:296)
	at org.springframework.beans.factory.support.DefaultSingletonBeanRegistry.getSingleton(DefaultSingletonBeanRegistry.java:223)
	at org.springframework.beans.factory.support.AbstractBeanFactory.doGetBean(AbstractBeanFactory.java:293)
	at org.springframework.beans.factory.support.AbstractBeanFactory.getBean(AbstractBeanFactory.java:194)
	at org.springframework.beans.factory.support.DefaultListableBeanFactory.preInstantiateSingletons(DefaultListableBeanFactory.java:633)
	at org.springframework.context.support.AbstractApplicationContext.finishBeanFactoryInitialization(AbstractApplicationContext.java:932)
	at org.springframework.context.support.AbstractApplicationContext.refresh(AbstractApplicationContext.java:479)
	at com.h3c.oasis.o2oserver.bootstrap.O2OServer.load(O2OServer.java:107)
	at sun.reflect.NativeMethodAccessorImpl.invoke0(Native Method)
	at sun.reflect.NativeMethodAccessorImpl.invoke(NativeMethodAccessorImpl.java:62)
	at sun.reflect.DelegatingMethodAccessorImpl.invoke(DelegatingMethodAccessorImpl.java:43)
	at java.lang.reflect.Method.invoke(Method.java:497)
	at com.h3c.oasis.bootstrap.ServerStartup.h(ServerStartup.java:626)
	at com.h3c.oasis.bootstrap.ServerStartup.f(ServerStartup.java:488)
	at com.h3c.oasis.bootstrap.ServerStartup.process(ServerStartup.java:361)
	at com.h3c.oasis.bootstrap.Bootstrap.a(Bootstrap.java:128)
	at com.h3c.oasis.bootstrap.Bootstrap.main(Bootstrap.java:238)
Caused by: org.apache.catalina.LifecycleException: Protocol handler initialization failed
	at org.apache.catalina.connector.Connector.initInternal(Connector.java:983)
	at org.apache.catalina.util.LifecycleBase.init(LifecycleBase.java:102)
	... 29 more
Caused by: java.io.IOException: Keystore was tampered with, or password was incorrect
	at sun.security.provider.JavaKeyStore.engineLoad(JavaKeyStore.java:780)
	at sun.security.provider.JavaKeyStore$JKS.engineLoad(JavaKeyStore.java:56)
	at sun.security.provider.KeyStoreDelegator.engineLoad(KeyStoreDelegator.java:225)
	at sun.security.provider.JavaKeyStore$DualFormatJKS.engineLoad(JavaKeyStore.java:70)
	at java.security.KeyStore.load(KeyStore.java:1445)
	at org.apache.tomcat.util.net.jsse.JSSESocketFactory.getStore(JSSESocketFactory.java:392)
	at org.apache.tomcat.util.net.jsse.JSSESocketFactory.getKeystore(JSSESocketFactory.java:291)
	at org.apache.tomcat.util.net.jsse.JSSESocketFactory.getKeyManagers(JSSESocketFactory.java:549)
	at org.apache.tomcat.util.net.jsse.JSSESocketFactory.getKeyManagers(JSSESocketFactory.java:489)
	at org.apache.tomcat.util.net.jsse.JSSESocketFactory.init(JSSESocketFactory.java:434)
	at org.apache.tomcat.util.net.jsse.JSSESocketFactory.createSocket(JSSESocketFactory.java:181)
	at org.apache.tomcat.util.net.JIoEndpoint.bind(JIoEndpoint.java:393)
	at org.apache.tomcat.util.net.AbstractEndpoint.init(AbstractEndpoint.java:610)
	at org.apache.coyote.AbstractProtocol.init(AbstractProtocol.java:429)
	at org.apache.coyote.http11.AbstractHttp11JsseProtocol.init(AbstractHttp11JsseProtocol.java:119)
	at org.apache.catalina.connector.Connector.initInternal(Connector.java:981)
	... 30 more
Caused by: java.security.UnrecoverableKeyException: Password verification failed
	at sun.security.provider.JavaKeyStore.engineLoad(JavaKeyStore.java:778)
	... 45 more
2016-03-29 13:46:00 [INFO ] [main] [TomcatStartup::afterPropertiesSet] Starting Embedded Tomcat Server succeeded. ...
2016-03-29 13:46:00 [INFO ] [main] [O2OServer::load] All Service loaded in 13375 ms.
