2016-03-01 09:00:47 [INFO ] [SimpleAsyncTaskExecutor-1] [ThemePageListener::handleMessage] call from foreground
2016-03-01 09:00:47 [WARN ] [SimpleAsyncTaskExecutor-1] [ThemePageListener::handleMessage] 
org.springframework.dao.DataAccessResourceFailureException: could not load an entity: [com.h3c.o2o.portal.entity.ThemePage#6]; nested exception is org.hibernate.exception.JDBCConnectionException: could not load an entity: [com.h3c.o2o.portal.entity.ThemePage#6]
	at org.springframework.orm.hibernate3.SessionFactoryUtils.convertHibernateAccessException(SessionFactoryUtils.java:631)
	at org.springframework.orm.hibernate3.HibernateAccessor.convertHibernateAccessException(HibernateAccessor.java:412)
	at org.springframework.orm.hibernate3.HibernateTemplate.doExecute(HibernateTemplate.java:412)
	at org.springframework.orm.hibernate3.HibernateTemplate.executeWithNativeSession(HibernateTemplate.java:375)
	at org.springframework.orm.hibernate3.HibernateTemplate.get(HibernateTemplate.java:513)
	at org.springframework.orm.hibernate3.HibernateTemplate.get(HibernateTemplate.java:507)
	at com.h3c.o2o.portal.theme.dao.ThemePageDaoImpl.readById(ThemePageDaoImpl.java:31)
	at com.h3c.o2o.portal.theme.func.ThemePageMgrImpl.queryById(ThemePageMgrImpl.java:27)
	at com.h3c.o2o.portal.theme.func.ThemePageListener.handleMessage(ThemePageListener.java:111)
	at sun.reflect.NativeMethodAccessorImpl.invoke0(Native Method)
	at sun.reflect.NativeMethodAccessorImpl.invoke(NativeMethodAccessorImpl.java:62)
	at sun.reflect.DelegatingMethodAccessorImpl.invoke(DelegatingMethodAccessorImpl.java:43)
	at java.lang.reflect.Method.invoke(Method.java:497)
	at org.springframework.util.MethodInvoker.invoke(MethodInvoker.java:269)
	at org.springframework.amqp.rabbit.listener.adapter.MessageListenerAdapter.invokeListenerMethod(MessageListenerAdapter.java:327)
	at org.springframework.amqp.rabbit.listener.adapter.MessageListenerAdapter.onMessage(MessageListenerAdapter.java:253)
	at org.springframework.amqp.rabbit.listener.AbstractMessageListenerContainer.doInvokeListener(AbstractMessageListenerContainer.java:756)
	at org.springframework.amqp.rabbit.listener.AbstractMessageListenerContainer.invokeListener(AbstractMessageListenerContainer.java:679)
	at org.springframework.amqp.rabbit.listener.SimpleMessageListenerContainer.access$001(SimpleMessageListenerContainer.java:82)
	at org.springframework.amqp.rabbit.listener.SimpleMessageListenerContainer$1.invokeListener(SimpleMessageListenerContainer.java:167)
	at org.springframework.amqp.rabbit.listener.SimpleMessageListenerContainer.invokeListener(SimpleMessageListenerContainer.java:1241)
	at org.springframework.amqp.rabbit.listener.AbstractMessageListenerContainer.executeListener(AbstractMessageListenerContainer.java:660)
	at org.springframework.amqp.rabbit.listener.SimpleMessageListenerContainer.doReceiveAndExecute(SimpleMessageListenerContainer.java:1005)
	at org.springframework.amqp.rabbit.listener.SimpleMessageListenerContainer.receiveAndExecute(SimpleMessageListenerContainer.java:989)
	at org.springframework.amqp.rabbit.listener.SimpleMessageListenerContainer.access$700(SimpleMessageListenerContainer.java:82)
	at org.springframework.amqp.rabbit.listener.SimpleMessageListenerContainer$AsyncMessageProcessingConsumer.run(SimpleMessageListenerContainer.java:1103)
	at java.lang.Thread.run(Thread.java:745)
Caused by: org.hibernate.exception.JDBCConnectionException: could not load an entity: [com.h3c.o2o.portal.entity.ThemePage#6]
	at org.hibernate.exception.SQLStateConverter.convert(SQLStateConverter.java:99)
	at org.hibernate.exception.JDBCExceptionHelper.convert(JDBCExceptionHelper.java:66)
	at org.hibernate.loader.Loader.loadEntity(Loader.java:2041)
	at org.hibernate.loader.entity.AbstractEntityLoader.load(AbstractEntityLoader.java:86)
	at org.hibernate.loader.entity.AbstractEntityLoader.load(AbstractEntityLoader.java:76)
	at org.hibernate.persister.entity.AbstractEntityPersister.load(AbstractEntityPersister.java:3294)
	at org.hibernate.event.def.DefaultLoadEventListener.loadFromDatasource(DefaultLoadEventListener.java:496)
	at org.hibernate.event.def.DefaultLoadEventListener.doLoad(DefaultLoadEventListener.java:477)
	at org.hibernate.event.def.DefaultLoadEventListener.load(DefaultLoadEventListener.java:227)
	at org.hibernate.event.def.DefaultLoadEventListener.proxyOrLoad(DefaultLoadEventListener.java:285)
	at org.hibernate.event.def.DefaultLoadEventListener.onLoad(DefaultLoadEventListener.java:152)
	at org.hibernate.impl.SessionImpl.fireLoad(SessionImpl.java:1090)
	at org.hibernate.impl.SessionImpl.get(SessionImpl.java:1005)
	at org.hibernate.impl.SessionImpl.get(SessionImpl.java:998)
	at org.springframework.orm.hibernate3.HibernateTemplate$1.doInHibernate(HibernateTemplate.java:520)
	at org.springframework.orm.hibernate3.HibernateTemplate.doExecute(HibernateTemplate.java:407)
	... 24 more
Caused by: com.mysql.jdbc.exceptions.jdbc4.CommunicationsException: The last packet successfully received from the server was 53,371,368 milliseconds ago.  The last packet sent successfully to the server was 53,371,370 milliseconds ago. is longer than the server configured value of 'wait_timeout'. You should consider either expiring and/or testing connection validity before use in your application, increasing the server configured values for client timeouts, or using the Connector/J connection property 'autoReconnect=true' to avoid this problem.
	at sun.reflect.NativeConstructorAccessorImpl.newInstance0(Native Method)
	at sun.reflect.NativeConstructorAccessorImpl.newInstance(NativeConstructorAccessorImpl.java:62)
	at sun.reflect.DelegatingConstructorAccessorImpl.newInstance(DelegatingConstructorAccessorImpl.java:45)
	at java.lang.reflect.Constructor.newInstance(Constructor.java:422)
	at com.mysql.jdbc.Util.handleNewInstance(Util.java:411)
	at com.mysql.jdbc.SQLError.createCommunicationsException(SQLError.java:1121)
	at com.mysql.jdbc.MysqlIO.send(MysqlIO.java:3938)
	at com.mysql.jdbc.MysqlIO.sendCommand(MysqlIO.java:2551)
	at com.mysql.jdbc.MysqlIO.sqlQueryDirect(MysqlIO.java:2731)
	at com.mysql.jdbc.ConnectionImpl.execSQL(ConnectionImpl.java:2815)
	at com.mysql.jdbc.PreparedStatement.executeInternal(PreparedStatement.java:2155)
	at com.mysql.jdbc.PreparedStatement.executeQuery(PreparedStatement.java:2322)
	at org.apache.commons.dbcp.DelegatingPreparedStatement.executeQuery(DelegatingPreparedStatement.java:96)
	at org.apache.commons.dbcp.DelegatingPreparedStatement.executeQuery(DelegatingPreparedStatement.java:96)
	at org.hibernate.jdbc.AbstractBatcher.getResultSet(AbstractBatcher.java:208)
	at org.hibernate.loader.Loader.getResultSet(Loader.java:1953)
	at org.hibernate.loader.Loader.doQuery(Loader.java:802)
	at org.hibernate.loader.Loader.doQueryAndInitializeNonLazyCollections(Loader.java:274)
	at org.hibernate.loader.Loader.loadEntity(Loader.java:2037)
	... 37 more
Caused by: java.net.SocketException: Software caused connection abort: socket write error
	at java.net.SocketOutputStream.socketWrite0(Native Method)
	at java.net.SocketOutputStream.socketWrite(SocketOutputStream.java:109)
	at java.net.SocketOutputStream.write(SocketOutputStream.java:153)
	at java.io.BufferedOutputStream.flushBuffer(BufferedOutputStream.java:82)
	at java.io.BufferedOutputStream.flush(BufferedOutputStream.java:140)
	at com.mysql.jdbc.MysqlIO.send(MysqlIO.java:3919)
	... 49 more
2016-03-01 09:35:56 [INFO ] [main] [O2OServer::load] Start loading All Service...
2016-03-01 09:35:56 [INFO ] [main] [AbstractApplicationContext::prepareRefresh] Refreshing com.h3c.oasis.o2oserver.bootstrap.c@6295d394: startup date [Tue Mar 01 09:35:56 CST 2016]; root of context hierarchy
2016-03-01 09:35:58 [INFO ] [main] [AdaptableDataSource::afterPropertiesSet] Reconfigure AdaptableDataSource from server-addr.xml
2016-03-01 09:35:58 [INFO ] [main] [AdaptableAnnotationSessionFactoryBean::afterPropertiesSet] Reset hibernate.dialect = org.hibernate.dialect.MySQL5Dialect
2016-03-01 09:36:00 [INFO ] [main] [LocalSessionFactoryBean::buildSessionFactory] Building new Hibernate SessionFactory
2016-03-01 09:36:05 [INFO ] [main] [AbstractApplicationContext::prepareRefresh] Refreshing com.h3c.oasis.o2oserver.bootstrap.g@6ad16c5d: startup date [Tue Mar 01 09:36:05 CST 2016]; root of context hierarchy
2016-03-01 09:36:06 [INFO ] [main] [TomcatStartup::afterPropertiesSet] Starting Embedded Tomcat Server ...
2016-03-01 09:36:08 [ERROR] [main] [AbstractProtocol::init] Failed to initialize end point associated with ProtocolHandler ["http-bio-443"]
java.io.IOException: Keystore was tampered with, or password was incorrect
	at sun.security.provider.JavaKeyStore.engineLoad(JavaKeyStore.java:780)
	at sun.security.provider.JavaKeyStore$JKS.engineLoad(JavaKeyStore.java:56)
	at sun.security.provider.KeyStoreDelegator.engineLoad(KeyStoreDelegator.java:225)
	at sun.security.provider.JavaKeyStore$DualFormatJKS.engineLoad(JavaKeyStore.java:70)
	at java.security.KeyStore.load(KeyStore.java:1445)
	at org.apache.tomcat.util.net.jsse.JSSESocketFactory.getStore(JSSESocketFactory.java:392)
	at org.apache.tomcat.util.net.jsse.JSSESocketFactory.getKeystore(JSSESocketFactory.java:291)
	at org.apache.tomcat.util.net.jsse.JSSESocketFactory.getKeyManagers(JSSESocketFactory.java:549)
	at org.apache.tomcat.util.net.jsse.JSSESocketFactory.getKeyManagers(JSSESocketFactory.java:489)
	at org.apache.tomcat.util.net.jsse.JSSESocketFactory.init(JSSESocketFactory.java:434)
	at org.apache.tomcat.util.net.jsse.JSSESocketFactory.createSocket(JSSESocketFactory.java:181)
	at org.apache.tomcat.util.net.JIoEndpoint.bind(JIoEndpoint.java:393)
	at org.apache.tomcat.util.net.AbstractEndpoint.init(AbstractEndpoint.java:610)
	at org.apache.coyote.AbstractProtocol.init(AbstractProtocol.java:429)
	at org.apache.coyote.http11.AbstractHttp11JsseProtocol.init(AbstractHttp11JsseProtocol.java:119)
	at org.apache.catalina.connector.Connector.initInternal(Connector.java:981)
	at org.apache.catalina.util.LifecycleBase.init(LifecycleBase.java:102)
	at org.apache.catalina.core.StandardService.initInternal(StandardService.java:559)
	at org.apache.catalina.util.LifecycleBase.init(LifecycleBase.java:102)
	at org.apache.catalina.core.StandardServer.initInternal(StandardServer.java:814)
	at org.apache.catalina.util.LifecycleBase.init(LifecycleBase.java:102)
	at org.apache.catalina.startup.Catalina.load(Catalina.java:633)
	at org.apache.catalina.startup.Catalina.start(Catalina.java:672)
	at com.h3c.oasis.o2oserver.bootstrap.TomcatStartup.start(TomcatStartup.java:412)
	at com.h3c.oasis.o2oserver.bootstrap.TomcatStartup.afterPropertiesSet(TomcatStartup.java:87)
	at org.springframework.beans.factory.support.AbstractAutowireCapableBeanFactory.invokeInitMethods(AbstractAutowireCapableBeanFactory.java:1571)
	at org.springframework.beans.factory.support.AbstractAutowireCapableBeanFactory.initializeBean(AbstractAutowireCapableBeanFactory.java:1509)
	at org.springframework.beans.factory.support.AbstractAutowireCapableBeanFactory.doCreateBean(AbstractAutowireCapableBeanFactory.java:521)
	at org.springframework.beans.factory.support.AbstractAutowireCapableBeanFactory.createBean(AbstractAutowireCapableBeanFactory.java:458)
	at org.springframework.beans.factory.support.AbstractBeanFactory$1.getObject(AbstractBeanFactory.java:296)
	at org.springframework.beans.factory.support.DefaultSingletonBeanRegistry.getSingleton(DefaultSingletonBeanRegistry.java:223)
	at org.springframework.beans.factory.support.AbstractBeanFactory.doGetBean(AbstractBeanFactory.java:293)
	at org.springframework.beans.factory.support.AbstractBeanFactory.getBean(AbstractBeanFactory.java:194)
	at org.springframework.beans.factory.support.DefaultListableBeanFactory.preInstantiateSingletons(DefaultListableBeanFactory.java:633)
	at org.springframework.context.support.AbstractApplicationContext.finishBeanFactoryInitialization(AbstractApplicationContext.java:932)
	at org.springframework.context.support.AbstractApplicationContext.refresh(AbstractApplicationContext.java:479)
	at com.h3c.oasis.o2oserver.bootstrap.O2OServer.load(O2OServer.java:107)
	at sun.reflect.NativeMethodAccessorImpl.invoke0(Native Method)
	at sun.reflect.NativeMethodAccessorImpl.invoke(NativeMethodAccessorImpl.java:62)
	at sun.reflect.DelegatingMethodAccessorImpl.invoke(DelegatingMethodAccessorImpl.java:43)
	at java.lang.reflect.Method.invoke(Method.java:497)
	at com.h3c.oasis.bootstrap.ServerStartup.h(ServerStartup.java:626)
	at com.h3c.oasis.bootstrap.ServerStartup.f(ServerStartup.java:488)
	at com.h3c.oasis.bootstrap.ServerStartup.process(ServerStartup.java:361)
	at com.h3c.oasis.bootstrap.Bootstrap.a(Bootstrap.java:128)
	at com.h3c.oasis.bootstrap.Bootstrap.main(Bootstrap.java:238)
Caused by: java.security.UnrecoverableKeyException: Password verification failed
	at sun.security.provider.JavaKeyStore.engineLoad(JavaKeyStore.java:778)
	... 45 more
2016-03-01 09:36:08 [ERROR] [main] [StandardService::initInternal] Failed to initialize connector [Connector[HTTP/1.1-443]]
org.apache.catalina.LifecycleException: Failed to initialize component [Connector[HTTP/1.1-443]]
	at org.apache.catalina.util.LifecycleBase.init(LifecycleBase.java:106)
	at org.apache.catalina.core.StandardService.initInternal(StandardService.java:559)
	at org.apache.catalina.util.LifecycleBase.init(LifecycleBase.java:102)
	at org.apache.catalina.core.StandardServer.initInternal(StandardServer.java:814)
	at org.apache.catalina.util.LifecycleBase.init(LifecycleBase.java:102)
	at org.apache.catalina.startup.Catalina.load(Catalina.java:633)
	at org.apache.catalina.startup.Catalina.start(Catalina.java:672)
	at com.h3c.oasis.o2oserver.bootstrap.TomcatStartup.start(TomcatStartup.java:412)
	at com.h3c.oasis.o2oserver.bootstrap.TomcatStartup.afterPropertiesSet(TomcatStartup.java:87)
	at org.springframework.beans.factory.support.AbstractAutowireCapableBeanFactory.invokeInitMethods(AbstractAutowireCapableBeanFactory.java:1571)
	at org.springframework.beans.factory.support.AbstractAutowireCapableBeanFactory.initializeBean(AbstractAutowireCapableBeanFactory.java:1509)
	at org.springframework.beans.factory.support.AbstractAutowireCapableBeanFactory.doCreateBean(AbstractAutowireCapableBeanFactory.java:521)
	at org.springframework.beans.factory.support.AbstractAutowireCapableBeanFactory.createBean(AbstractAutowireCapableBeanFactory.java:458)
	at org.springframework.beans.factory.support.AbstractBeanFactory$1.getObject(AbstractBeanFactory.java:296)
	at org.springframework.beans.factory.support.DefaultSingletonBeanRegistry.getSingleton(DefaultSingletonBeanRegistry.java:223)
	at org.springframework.beans.factory.support.AbstractBeanFactory.doGetBean(AbstractBeanFactory.java:293)
	at org.springframework.beans.factory.support.AbstractBeanFactory.getBean(AbstractBeanFactory.java:194)
	at org.springframework.beans.factory.support.DefaultListableBeanFactory.preInstantiateSingletons(DefaultListableBeanFactory.java:633)
	at org.springframework.context.support.AbstractApplicationContext.finishBeanFactoryInitialization(AbstractApplicationContext.java:932)
	at org.springframework.context.support.AbstractApplicationContext.refresh(AbstractApplicationContext.java:479)
	at com.h3c.oasis.o2oserver.bootstrap.O2OServer.load(O2OServer.java:107)
	at sun.reflect.NativeMethodAccessorImpl.invoke0(Native Method)
	at sun.reflect.NativeMethodAccessorImpl.invoke(NativeMethodAccessorImpl.java:62)
	at sun.reflect.DelegatingMethodAccessorImpl.invoke(DelegatingMethodAccessorImpl.java:43)
	at java.lang.reflect.Method.invoke(Method.java:497)
	at com.h3c.oasis.bootstrap.ServerStartup.h(ServerStartup.java:626)
	at com.h3c.oasis.bootstrap.ServerStartup.f(ServerStartup.java:488)
	at com.h3c.oasis.bootstrap.ServerStartup.process(ServerStartup.java:361)
	at com.h3c.oasis.bootstrap.Bootstrap.a(Bootstrap.java:128)
	at com.h3c.oasis.bootstrap.Bootstrap.main(Bootstrap.java:238)
Caused by: org.apache.catalina.LifecycleException: Protocol handler initialization failed
	at org.apache.catalina.connector.Connector.initInternal(Connector.java:983)
	at org.apache.catalina.util.LifecycleBase.init(LifecycleBase.java:102)
	... 29 more
Caused by: java.io.IOException: Keystore was tampered with, or password was incorrect
	at sun.security.provider.JavaKeyStore.engineLoad(JavaKeyStore.java:780)
	at sun.security.provider.JavaKeyStore$JKS.engineLoad(JavaKeyStore.java:56)
	at sun.security.provider.KeyStoreDelegator.engineLoad(KeyStoreDelegator.java:225)
	at sun.security.provider.JavaKeyStore$DualFormatJKS.engineLoad(JavaKeyStore.java:70)
	at java.security.KeyStore.load(KeyStore.java:1445)
	at org.apache.tomcat.util.net.jsse.JSSESocketFactory.getStore(JSSESocketFactory.java:392)
	at org.apache.tomcat.util.net.jsse.JSSESocketFactory.getKeystore(JSSESocketFactory.java:291)
	at org.apache.tomcat.util.net.jsse.JSSESocketFactory.getKeyManagers(JSSESocketFactory.java:549)
	at org.apache.tomcat.util.net.jsse.JSSESocketFactory.getKeyManagers(JSSESocketFactory.java:489)
	at org.apache.tomcat.util.net.jsse.JSSESocketFactory.init(JSSESocketFactory.java:434)
	at org.apache.tomcat.util.net.jsse.JSSESocketFactory.createSocket(JSSESocketFactory.java:181)
	at org.apache.tomcat.util.net.JIoEndpoint.bind(JIoEndpoint.java:393)
	at org.apache.tomcat.util.net.AbstractEndpoint.init(AbstractEndpoint.java:610)
	at org.apache.coyote.AbstractProtocol.init(AbstractProtocol.java:429)
	at org.apache.coyote.http11.AbstractHttp11JsseProtocol.init(AbstractHttp11JsseProtocol.java:119)
	at org.apache.catalina.connector.Connector.initInternal(Connector.java:981)
	... 30 more
Caused by: java.security.UnrecoverableKeyException: Password verification failed
	at sun.security.provider.JavaKeyStore.engineLoad(JavaKeyStore.java:778)
	... 45 more
2016-03-01 09:36:10 [INFO ] [main] [TomcatStartup::afterPropertiesSet] Starting Embedded Tomcat Server succeeded. ...
2016-03-01 09:36:10 [INFO ] [main] [O2OServer::load] All Service loaded in 14075 ms.
2016-03-01 09:39:13 [INFO ] [SimpleAsyncTaskExecutor-1] [ThemePageListener::handleMessage] call from foreground
2016-03-01 09:39:14 [INFO ] [SimpleAsyncTaskExecutor-1] [HttpDownload::downLoad] http://172.27.12.68:80/o2o/uam/theme/20160301090033/images/20160301090300.jpg
2016-03-01 09:39:14 [INFO ] [SimpleAsyncTaskExecutor-1] [HttpDownload::downLoad] http://172.27.12.68:80/o2o/uam/theme/20160301090033/images/alipay.png
2016-03-01 09:39:14 [INFO ] [SimpleAsyncTaskExecutor-1] [HttpDownload::downLoad] http://172.27.12.68:80/o2o/uam/theme/20160301090033/images/bgImg.jpg
2016-03-01 09:39:14 [INFO ] [SimpleAsyncTaskExecutor-1] [HttpDownload::downLoad] http://172.27.12.68:80/o2o/uam/theme/20160301090033/images/home.jpg
2016-03-01 09:39:14 [INFO ] [SimpleAsyncTaskExecutor-1] [HttpDownload::downLoad] http://172.27.12.68:80/o2o/uam/theme/20160301090033/images/home2.jpg
2016-03-01 09:39:14 [INFO ] [SimpleAsyncTaskExecutor-1] [HttpDownload::downLoad] http://172.27.12.68:80/o2o/uam/theme/20160301090033/images/loginSuccessBg.jpg
2016-03-01 09:39:14 [INFO ] [SimpleAsyncTaskExecutor-1] [HttpDownload::downLoad] http://172.27.12.68:80/o2o/uam/theme/20160301090033/images/logo-inverted.jpg
2016-03-01 09:39:14 [INFO ] [SimpleAsyncTaskExecutor-1] [HttpDownload::downLoad] http://172.27.12.68:80/o2o/uam/theme/20160301090033/images/net.png
2016-03-01 09:39:14 [INFO ] [SimpleAsyncTaskExecutor-1] [HttpDownload::downLoad] http://172.27.12.68:80/o2o/uam/theme/20160301090033/images/qq.png
2016-03-01 09:39:14 [INFO ] [SimpleAsyncTaskExecutor-1] [HttpDownload::downLoad] http://172.27.12.68:80/o2o/uam/theme/20160301090033/images/wifilogo.png
2016-03-01 09:39:14 [INFO ] [SimpleAsyncTaskExecutor-1] [HttpDownload::downLoad] http://172.27.12.68:80/o2o/uam/theme/20160301090033/images/wxwifi.png
2016-03-01 09:39:14 [WARN ] [SimpleAsyncTaskExecutor-1] [ThemeTemplateCacheMgrImpl::get] there isn't Template wehre id = 1000 in the cache.
2016-03-01 09:42:47 [INFO ] [SimpleAsyncTaskExecutor-1] [ThemePageListener::handleMessage] call from foreground
2016-03-01 09:42:47 [INFO ] [SimpleAsyncTaskExecutor-1] [HttpDownload::downLoad] http://172.27.12.68:80/o2o/uam/theme/20160301090033/images/20160301090300.jpg
2016-03-01 09:42:47 [INFO ] [SimpleAsyncTaskExecutor-1] [HttpDownload::downLoad] http://172.27.12.68:80/o2o/uam/theme/20160301090033/images/20160301094326.jpg
2016-03-01 09:42:47 [INFO ] [SimpleAsyncTaskExecutor-1] [HttpDownload::downLoad] http://172.27.12.68:80/o2o/uam/theme/20160301090033/images/alipay.png
2016-03-01 09:42:47 [INFO ] [SimpleAsyncTaskExecutor-1] [HttpDownload::downLoad] http://172.27.12.68:80/o2o/uam/theme/20160301090033/images/bgImg.jpg
2016-03-01 09:42:47 [INFO ] [SimpleAsyncTaskExecutor-1] [HttpDownload::downLoad] http://172.27.12.68:80/o2o/uam/theme/20160301090033/images/home.jpg
2016-03-01 09:42:47 [INFO ] [SimpleAsyncTaskExecutor-1] [HttpDownload::downLoad] http://172.27.12.68:80/o2o/uam/theme/20160301090033/images/home2.jpg
2016-03-01 09:42:47 [INFO ] [SimpleAsyncTaskExecutor-1] [HttpDownload::downLoad] http://172.27.12.68:80/o2o/uam/theme/20160301090033/images/loginSuccessBg.jpg
2016-03-01 09:42:47 [INFO ] [SimpleAsyncTaskExecutor-1] [HttpDownload::downLoad] http://172.27.12.68:80/o2o/uam/theme/20160301090033/images/logo-inverted.jpg
2016-03-01 09:42:47 [INFO ] [SimpleAsyncTaskExecutor-1] [HttpDownload::downLoad] http://172.27.12.68:80/o2o/uam/theme/20160301090033/images/net.png
2016-03-01 09:42:47 [INFO ] [SimpleAsyncTaskExecutor-1] [HttpDownload::downLoad] http://172.27.12.68:80/o2o/uam/theme/20160301090033/images/qq.png
2016-03-01 09:42:47 [INFO ] [SimpleAsyncTaskExecutor-1] [HttpDownload::downLoad] http://172.27.12.68:80/o2o/uam/theme/20160301090033/images/wifilogo.png
2016-03-01 09:42:47 [INFO ] [SimpleAsyncTaskExecutor-1] [HttpDownload::downLoad] http://172.27.12.68:80/o2o/uam/theme/20160301090033/images/wxwifi.png
2016-03-01 09:43:17 [INFO ] [SimpleAsyncTaskExecutor-1] [ThemePageListener::handleMessage] call from foreground
2016-03-01 09:43:17 [INFO ] [SimpleAsyncTaskExecutor-1] [HttpDownload::downLoad] http://172.27.12.68:80/o2o/uam/theme/20160301090033/images/20160301090300.jpg
2016-03-01 09:43:17 [INFO ] [SimpleAsyncTaskExecutor-1] [HttpDownload::downLoad] http://172.27.12.68:80/o2o/uam/theme/20160301090033/images/20160301094326.jpg
2016-03-01 09:43:17 [INFO ] [SimpleAsyncTaskExecutor-1] [HttpDownload::downLoad] http://172.27.12.68:80/o2o/uam/theme/20160301090033/images/alipay.png
2016-03-01 09:43:17 [INFO ] [SimpleAsyncTaskExecutor-1] [HttpDownload::downLoad] http://172.27.12.68:80/o2o/uam/theme/20160301090033/images/bgImg.jpg
2016-03-01 09:43:17 [INFO ] [SimpleAsyncTaskExecutor-1] [HttpDownload::downLoad] http://172.27.12.68:80/o2o/uam/theme/20160301090033/images/home.jpg
2016-03-01 09:43:17 [INFO ] [SimpleAsyncTaskExecutor-1] [HttpDownload::downLoad] http://172.27.12.68:80/o2o/uam/theme/20160301090033/images/home2.jpg
2016-03-01 09:43:17 [INFO ] [SimpleAsyncTaskExecutor-1] [HttpDownload::downLoad] http://172.27.12.68:80/o2o/uam/theme/20160301090033/images/loginSuccessBg.jpg
2016-03-01 09:43:17 [INFO ] [SimpleAsyncTaskExecutor-1] [HttpDownload::downLoad] http://172.27.12.68:80/o2o/uam/theme/20160301090033/images/logo-inverted.jpg
2016-03-01 09:43:17 [INFO ] [SimpleAsyncTaskExecutor-1] [HttpDownload::downLoad] http://172.27.12.68:80/o2o/uam/theme/20160301090033/images/net.png
2016-03-01 09:43:17 [INFO ] [SimpleAsyncTaskExecutor-1] [HttpDownload::downLoad] http://172.27.12.68:80/o2o/uam/theme/20160301090033/images/qq.png
2016-03-01 09:43:17 [INFO ] [SimpleAsyncTaskExecutor-1] [HttpDownload::downLoad] http://172.27.12.68:80/o2o/uam/theme/20160301090033/images/wifilogo.png
2016-03-01 09:43:17 [INFO ] [SimpleAsyncTaskExecutor-1] [HttpDownload::downLoad] http://172.27.12.68:80/o2o/uam/theme/20160301090033/images/wxwifi.png
2016-03-01 10:07:50 [INFO ] [SimpleAsyncTaskExecutor-1] [ThemePageListener::handleMessage] call from foreground
2016-03-01 10:07:50 [INFO ] [SimpleAsyncTaskExecutor-1] [HttpDownload::downLoad] http://172.27.12.68:80/o2o/uam/theme/20160301090033/images/20160301090300.jpg
2016-03-01 10:07:51 [INFO ] [SimpleAsyncTaskExecutor-1] [HttpDownload::downLoad] http://172.27.12.68:80/o2o/uam/theme/20160301090033/images/20160301094326.jpg
2016-03-01 10:07:51 [INFO ] [SimpleAsyncTaskExecutor-1] [HttpDownload::downLoad] http://172.27.12.68:80/o2o/uam/theme/20160301090033/images/alipay.png
2016-03-01 10:07:51 [INFO ] [SimpleAsyncTaskExecutor-1] [HttpDownload::downLoad] http://172.27.12.68:80/o2o/uam/theme/20160301090033/images/bgImg.jpg
2016-03-01 10:07:51 [INFO ] [SimpleAsyncTaskExecutor-1] [HttpDownload::downLoad] http://172.27.12.68:80/o2o/uam/theme/20160301090033/images/home.jpg
2016-03-01 10:07:51 [INFO ] [SimpleAsyncTaskExecutor-1] [HttpDownload::downLoad] http://172.27.12.68:80/o2o/uam/theme/20160301090033/images/home2.jpg
2016-03-01 10:07:51 [INFO ] [SimpleAsyncTaskExecutor-1] [HttpDownload::downLoad] http://172.27.12.68:80/o2o/uam/theme/20160301090033/images/loginSuccessBg.jpg
2016-03-01 10:07:51 [INFO ] [SimpleAsyncTaskExecutor-1] [HttpDownload::downLoad] http://172.27.12.68:80/o2o/uam/theme/20160301090033/images/logo-inverted.jpg
2016-03-01 10:07:51 [INFO ] [SimpleAsyncTaskExecutor-1] [HttpDownload::downLoad] http://172.27.12.68:80/o2o/uam/theme/20160301090033/images/net.png
2016-03-01 10:07:51 [INFO ] [SimpleAsyncTaskExecutor-1] [HttpDownload::downLoad] http://172.27.12.68:80/o2o/uam/theme/20160301090033/images/qq.png
2016-03-01 10:07:51 [INFO ] [SimpleAsyncTaskExecutor-1] [HttpDownload::downLoad] http://172.27.12.68:80/o2o/uam/theme/20160301090033/images/wifilogo.png
2016-03-01 10:07:51 [INFO ] [SimpleAsyncTaskExecutor-1] [HttpDownload::downLoad] http://172.27.12.68:80/o2o/uam/theme/20160301090033/images/wxwifi.png
2016-03-01 10:10:47 [INFO ] [main] [O2OServer::load] Start loading All Service...
2016-03-01 10:10:47 [INFO ] [main] [AbstractApplicationContext::prepareRefresh] Refreshing com.h3c.oasis.o2oserver.bootstrap.c@6295d394: startup date [Tue Mar 01 10:10:47 CST 2016]; root of context hierarchy
2016-03-01 10:10:49 [INFO ] [main] [AdaptableDataSource::afterPropertiesSet] Reconfigure AdaptableDataSource from server-addr.xml
2016-03-01 10:10:50 [INFO ] [main] [AdaptableAnnotationSessionFactoryBean::afterPropertiesSet] Reset hibernate.dialect = org.hibernate.dialect.MySQL5Dialect
2016-03-01 10:10:51 [INFO ] [main] [LocalSessionFactoryBean::buildSessionFactory] Building new Hibernate SessionFactory
2016-03-01 10:10:57 [INFO ] [main] [AbstractApplicationContext::prepareRefresh] Refreshing com.h3c.oasis.o2oserver.bootstrap.g@54e02f6a: startup date [Tue Mar 01 10:10:57 CST 2016]; root of context hierarchy
2016-03-01 10:10:57 [INFO ] [main] [TomcatStartup::afterPropertiesSet] Starting Embedded Tomcat Server ...
2016-03-01 10:10:59 [ERROR] [main] [AbstractProtocol::init] Failed to initialize end point associated with ProtocolHandler ["http-bio-443"]
java.io.IOException: Keystore was tampered with, or password was incorrect
	at sun.security.provider.JavaKeyStore.engineLoad(JavaKeyStore.java:780)
	at sun.security.provider.JavaKeyStore$JKS.engineLoad(JavaKeyStore.java:56)
	at sun.security.provider.KeyStoreDelegator.engineLoad(KeyStoreDelegator.java:225)
	at sun.security.provider.JavaKeyStore$DualFormatJKS.engineLoad(JavaKeyStore.java:70)
	at java.security.KeyStore.load(KeyStore.java:1445)
	at org.apache.tomcat.util.net.jsse.JSSESocketFactory.getStore(JSSESocketFactory.java:392)
	at org.apache.tomcat.util.net.jsse.JSSESocketFactory.getKeystore(JSSESocketFactory.java:291)
	at org.apache.tomcat.util.net.jsse.JSSESocketFactory.getKeyManagers(JSSESocketFactory.java:549)
	at org.apache.tomcat.util.net.jsse.JSSESocketFactory.getKeyManagers(JSSESocketFactory.java:489)
	at org.apache.tomcat.util.net.jsse.JSSESocketFactory.init(JSSESocketFactory.java:434)
	at org.apache.tomcat.util.net.jsse.JSSESocketFactory.createSocket(JSSESocketFactory.java:181)
	at org.apache.tomcat.util.net.JIoEndpoint.bind(JIoEndpoint.java:393)
	at org.apache.tomcat.util.net.AbstractEndpoint.init(AbstractEndpoint.java:610)
	at org.apache.coyote.AbstractProtocol.init(AbstractProtocol.java:429)
	at org.apache.coyote.http11.AbstractHttp11JsseProtocol.init(AbstractHttp11JsseProtocol.java:119)
	at org.apache.catalina.connector.Connector.initInternal(Connector.java:981)
	at org.apache.catalina.util.LifecycleBase.init(LifecycleBase.java:102)
	at org.apache.catalina.core.StandardService.initInternal(StandardService.java:559)
	at org.apache.catalina.util.LifecycleBase.init(LifecycleBase.java:102)
	at org.apache.catalina.core.StandardServer.initInternal(StandardServer.java:814)
	at org.apache.catalina.util.LifecycleBase.init(LifecycleBase.java:102)
	at org.apache.catalina.startup.Catalina.load(Catalina.java:633)
	at org.apache.catalina.startup.Catalina.start(Catalina.java:672)
	at com.h3c.oasis.o2oserver.bootstrap.TomcatStartup.start(TomcatStartup.java:412)
	at com.h3c.oasis.o2oserver.bootstrap.TomcatStartup.afterPropertiesSet(TomcatStartup.java:87)
	at org.springframework.beans.factory.support.AbstractAutowireCapableBeanFactory.invokeInitMethods(AbstractAutowireCapableBeanFactory.java:1571)
	at org.springframework.beans.factory.support.AbstractAutowireCapableBeanFactory.initializeBean(AbstractAutowireCapableBeanFactory.java:1509)
	at org.springframework.beans.factory.support.AbstractAutowireCapableBeanFactory.doCreateBean(AbstractAutowireCapableBeanFactory.java:521)
	at org.springframework.beans.factory.support.AbstractAutowireCapableBeanFactory.createBean(AbstractAutowireCapableBeanFactory.java:458)
	at org.springframework.beans.factory.support.AbstractBeanFactory$1.getObject(AbstractBeanFactory.java:296)
	at org.springframework.beans.factory.support.DefaultSingletonBeanRegistry.getSingleton(DefaultSingletonBeanRegistry.java:223)
	at org.springframework.beans.factory.support.AbstractBeanFactory.doGetBean(AbstractBeanFactory.java:293)
	at org.springframework.beans.factory.support.AbstractBeanFactory.getBean(AbstractBeanFactory.java:194)
	at org.springframework.beans.factory.support.DefaultListableBeanFactory.preInstantiateSingletons(DefaultListableBeanFactory.java:633)
	at org.springframework.context.support.AbstractApplicationContext.finishBeanFactoryInitialization(AbstractApplicationContext.java:932)
	at org.springframework.context.support.AbstractApplicationContext.refresh(AbstractApplicationContext.java:479)
	at com.h3c.oasis.o2oserver.bootstrap.O2OServer.load(O2OServer.java:107)
	at sun.reflect.NativeMethodAccessorImpl.invoke0(Native Method)
	at sun.reflect.NativeMethodAccessorImpl.invoke(NativeMethodAccessorImpl.java:62)
	at sun.reflect.DelegatingMethodAccessorImpl.invoke(DelegatingMethodAccessorImpl.java:43)
	at java.lang.reflect.Method.invoke(Method.java:497)
	at com.h3c.oasis.bootstrap.ServerStartup.h(ServerStartup.java:626)
	at com.h3c.oasis.bootstrap.ServerStartup.f(ServerStartup.java:488)
	at com.h3c.oasis.bootstrap.ServerStartup.process(ServerStartup.java:361)
	at com.h3c.oasis.bootstrap.Bootstrap.a(Bootstrap.java:128)
	at com.h3c.oasis.bootstrap.Bootstrap.main(Bootstrap.java:238)
Caused by: java.security.UnrecoverableKeyException: Password verification failed
	at sun.security.provider.JavaKeyStore.engineLoad(JavaKeyStore.java:778)
	... 45 more
2016-03-01 10:10:59 [ERROR] [main] [StandardService::initInternal] Failed to initialize connector [Connector[HTTP/1.1-443]]
org.apache.catalina.LifecycleException: Failed to initialize component [Connector[HTTP/1.1-443]]
	at org.apache.catalina.util.LifecycleBase.init(LifecycleBase.java:106)
	at org.apache.catalina.core.StandardService.initInternal(StandardService.java:559)
	at org.apache.catalina.util.LifecycleBase.init(LifecycleBase.java:102)
	at org.apache.catalina.core.StandardServer.initInternal(StandardServer.java:814)
	at org.apache.catalina.util.LifecycleBase.init(LifecycleBase.java:102)
	at org.apache.catalina.startup.Catalina.load(Catalina.java:633)
	at org.apache.catalina.startup.Catalina.start(Catalina.java:672)
	at com.h3c.oasis.o2oserver.bootstrap.TomcatStartup.start(TomcatStartup.java:412)
	at com.h3c.oasis.o2oserver.bootstrap.TomcatStartup.afterPropertiesSet(TomcatStartup.java:87)
	at org.springframework.beans.factory.support.AbstractAutowireCapableBeanFactory.invokeInitMethods(AbstractAutowireCapableBeanFactory.java:1571)
	at org.springframework.beans.factory.support.AbstractAutowireCapableBeanFactory.initializeBean(AbstractAutowireCapableBeanFactory.java:1509)
	at org.springframework.beans.factory.support.AbstractAutowireCapableBeanFactory.doCreateBean(AbstractAutowireCapableBeanFactory.java:521)
	at org.springframework.beans.factory.support.AbstractAutowireCapableBeanFactory.createBean(AbstractAutowireCapableBeanFactory.java:458)
	at org.springframework.beans.factory.support.AbstractBeanFactory$1.getObject(AbstractBeanFactory.java:296)
	at org.springframework.beans.factory.support.DefaultSingletonBeanRegistry.getSingleton(DefaultSingletonBeanRegistry.java:223)
	at org.springframework.beans.factory.support.AbstractBeanFactory.doGetBean(AbstractBeanFactory.java:293)
	at org.springframework.beans.factory.support.AbstractBeanFactory.getBean(AbstractBeanFactory.java:194)
	at org.springframework.beans.factory.support.DefaultListableBeanFactory.preInstantiateSingletons(DefaultListableBeanFactory.java:633)
	at org.springframework.context.support.AbstractApplicationContext.finishBeanFactoryInitialization(AbstractApplicationContext.java:932)
	at org.springframework.context.support.AbstractApplicationContext.refresh(AbstractApplicationContext.java:479)
	at com.h3c.oasis.o2oserver.bootstrap.O2OServer.load(O2OServer.java:107)
	at sun.reflect.NativeMethodAccessorImpl.invoke0(Native Method)
	at sun.reflect.NativeMethodAccessorImpl.invoke(NativeMethodAccessorImpl.java:62)
	at sun.reflect.DelegatingMethodAccessorImpl.invoke(DelegatingMethodAccessorImpl.java:43)
	at java.lang.reflect.Method.invoke(Method.java:497)
	at com.h3c.oasis.bootstrap.ServerStartup.h(ServerStartup.java:626)
	at com.h3c.oasis.bootstrap.ServerStartup.f(ServerStartup.java:488)
	at com.h3c.oasis.bootstrap.ServerStartup.process(ServerStartup.java:361)
	at com.h3c.oasis.bootstrap.Bootstrap.a(Bootstrap.java:128)
	at com.h3c.oasis.bootstrap.Bootstrap.main(Bootstrap.java:238)
Caused by: org.apache.catalina.LifecycleException: Protocol handler initialization failed
	at org.apache.catalina.connector.Connector.initInternal(Connector.java:983)
	at org.apache.catalina.util.LifecycleBase.init(LifecycleBase.java:102)
	... 29 more
Caused by: java.io.IOException: Keystore was tampered with, or password was incorrect
	at sun.security.provider.JavaKeyStore.engineLoad(JavaKeyStore.java:780)
	at sun.security.provider.JavaKeyStore$JKS.engineLoad(JavaKeyStore.java:56)
	at sun.security.provider.KeyStoreDelegator.engineLoad(KeyStoreDelegator.java:225)
	at sun.security.provider.JavaKeyStore$DualFormatJKS.engineLoad(JavaKeyStore.java:70)
	at java.security.KeyStore.load(KeyStore.java:1445)
	at org.apache.tomcat.util.net.jsse.JSSESocketFactory.getStore(JSSESocketFactory.java:392)
	at org.apache.tomcat.util.net.jsse.JSSESocketFactory.getKeystore(JSSESocketFactory.java:291)
	at org.apache.tomcat.util.net.jsse.JSSESocketFactory.getKeyManagers(JSSESocketFactory.java:549)
	at org.apache.tomcat.util.net.jsse.JSSESocketFactory.getKeyManagers(JSSESocketFactory.java:489)
	at org.apache.tomcat.util.net.jsse.JSSESocketFactory.init(JSSESocketFactory.java:434)
	at org.apache.tomcat.util.net.jsse.JSSESocketFactory.createSocket(JSSESocketFactory.java:181)
	at org.apache.tomcat.util.net.JIoEndpoint.bind(JIoEndpoint.java:393)
	at org.apache.tomcat.util.net.AbstractEndpoint.init(AbstractEndpoint.java:610)
	at org.apache.coyote.AbstractProtocol.init(AbstractProtocol.java:429)
	at org.apache.coyote.http11.AbstractHttp11JsseProtocol.init(AbstractHttp11JsseProtocol.java:119)
	at org.apache.catalina.connector.Connector.initInternal(Connector.java:981)
	... 30 more
Caused by: java.security.UnrecoverableKeyException: Password verification failed
	at sun.security.provider.JavaKeyStore.engineLoad(JavaKeyStore.java:778)
	... 45 more
2016-03-01 10:11:01 [INFO ] [main] [TomcatStartup::afterPropertiesSet] Starting Embedded Tomcat Server succeeded. ...
2016-03-01 10:11:01 [INFO ] [main] [O2OServer::load] All Service loaded in 13710 ms.
2016-03-01 11:07:31 [INFO ] [SimpleAsyncTaskExecutor-1] [ThemePageListener::handleMessage] call from foreground
2016-03-01 11:07:31 [WARN ] [SimpleAsyncTaskExecutor-1] [ThemePageListener::handleMessage] 
com.h3c.o2o.portal.PortalException[70002] 记录不存在。
	at com.h3c.o2o.portal.theme.func.ThemePageListener.handleMessage(ThemePageListener.java:113)
	at sun.reflect.NativeMethodAccessorImpl.invoke0(Native Method)
	at sun.reflect.NativeMethodAccessorImpl.invoke(NativeMethodAccessorImpl.java:62)
	at sun.reflect.DelegatingMethodAccessorImpl.invoke(DelegatingMethodAccessorImpl.java:43)
	at java.lang.reflect.Method.invoke(Method.java:497)
	at org.springframework.util.MethodInvoker.invoke(MethodInvoker.java:269)
	at org.springframework.amqp.rabbit.listener.adapter.MessageListenerAdapter.invokeListenerMethod(MessageListenerAdapter.java:327)
	at org.springframework.amqp.rabbit.listener.adapter.MessageListenerAdapter.onMessage(MessageListenerAdapter.java:253)
	at org.springframework.amqp.rabbit.listener.AbstractMessageListenerContainer.doInvokeListener(AbstractMessageListenerContainer.java:756)
	at org.springframework.amqp.rabbit.listener.AbstractMessageListenerContainer.invokeListener(AbstractMessageListenerContainer.java:679)
	at org.springframework.amqp.rabbit.listener.SimpleMessageListenerContainer.access$001(SimpleMessageListenerContainer.java:82)
	at org.springframework.amqp.rabbit.listener.SimpleMessageListenerContainer$1.invokeListener(SimpleMessageListenerContainer.java:167)
	at org.springframework.amqp.rabbit.listener.SimpleMessageListenerContainer.invokeListener(SimpleMessageListenerContainer.java:1241)
	at org.springframework.amqp.rabbit.listener.AbstractMessageListenerContainer.executeListener(AbstractMessageListenerContainer.java:660)
	at org.springframework.amqp.rabbit.listener.SimpleMessageListenerContainer.doReceiveAndExecute(SimpleMessageListenerContainer.java:1005)
	at org.springframework.amqp.rabbit.listener.SimpleMessageListenerContainer.receiveAndExecute(SimpleMessageListenerContainer.java:989)
	at org.springframework.amqp.rabbit.listener.SimpleMessageListenerContainer.access$700(SimpleMessageListenerContainer.java:82)
	at org.springframework.amqp.rabbit.listener.SimpleMessageListenerContainer$AsyncMessageProcessingConsumer.run(SimpleMessageListenerContainer.java:1103)
	at java.lang.Thread.run(Thread.java:745)
2016-03-01 11:26:10 [INFO ] [SimpleAsyncTaskExecutor-1] [ThemePageListener::handleMessage] call from foreground
2016-03-01 11:26:10 [INFO ] [SimpleAsyncTaskExecutor-1] [HttpDownload::downLoad] http://172.27.12.68:80/o2o/uam/theme/20160301112743/images/alipay.png
2016-03-01 11:26:11 [WARN ] [SimpleAsyncTaskExecutor-1] [HttpDownload::downLoad] Http connection fail: http://172.27.12.68:80/o2o/uam/theme/20160301112743/images/alipay.png
2016-03-01 11:26:11 [WARN ] [SimpleAsyncTaskExecutor-1] [ThemePageListener::handleMessage] 
com.h3c.o2o.portal.PortalException[70003] 下载文件失败。
	at com.h3c.o2o.portal.theme.func.ThemePageListener.handleMessage(ThemePageListener.java:121)
	at sun.reflect.NativeMethodAccessorImpl.invoke0(Native Method)
	at sun.reflect.NativeMethodAccessorImpl.invoke(NativeMethodAccessorImpl.java:62)
	at sun.reflect.DelegatingMethodAccessorImpl.invoke(DelegatingMethodAccessorImpl.java:43)
	at java.lang.reflect.Method.invoke(Method.java:497)
	at org.springframework.util.MethodInvoker.invoke(MethodInvoker.java:269)
	at org.springframework.amqp.rabbit.listener.adapter.MessageListenerAdapter.invokeListenerMethod(MessageListenerAdapter.java:327)
	at org.springframework.amqp.rabbit.listener.adapter.MessageListenerAdapter.onMessage(MessageListenerAdapter.java:253)
	at org.springframework.amqp.rabbit.listener.AbstractMessageListenerContainer.doInvokeListener(AbstractMessageListenerContainer.java:756)
	at org.springframework.amqp.rabbit.listener.AbstractMessageListenerContainer.invokeListener(AbstractMessageListenerContainer.java:679)
	at org.springframework.amqp.rabbit.listener.SimpleMessageListenerContainer.access$001(SimpleMessageListenerContainer.java:82)
	at org.springframework.amqp.rabbit.listener.SimpleMessageListenerContainer$1.invokeListener(SimpleMessageListenerContainer.java:167)
	at org.springframework.amqp.rabbit.listener.SimpleMessageListenerContainer.invokeListener(SimpleMessageListenerContainer.java:1241)
	at org.springframework.amqp.rabbit.listener.AbstractMessageListenerContainer.executeListener(AbstractMessageListenerContainer.java:660)
	at org.springframework.amqp.rabbit.listener.SimpleMessageListenerContainer.doReceiveAndExecute(SimpleMessageListenerContainer.java:1005)
	at org.springframework.amqp.rabbit.listener.SimpleMessageListenerContainer.receiveAndExecute(SimpleMessageListenerContainer.java:989)
	at org.springframework.amqp.rabbit.listener.SimpleMessageListenerContainer.access$700(SimpleMessageListenerContainer.java:82)
	at org.springframework.amqp.rabbit.listener.SimpleMessageListenerContainer$AsyncMessageProcessingConsumer.run(SimpleMessageListenerContainer.java:1103)
	at java.lang.Thread.run(Thread.java:745)
2016-03-01 11:42:40 [INFO ] [SimpleAsyncTaskExecutor-1] [ThemePageListener::handleMessage] call from foreground
2016-03-01 11:42:40 [INFO ] [SimpleAsyncTaskExecutor-1] [HttpDownload::downLoad] http://172.27.12.68:80/o2o/uam/theme/20160301090033/images/20160301090300.jpg
2016-03-01 11:42:41 [INFO ] [SimpleAsyncTaskExecutor-1] [HttpDownload::downLoad] http://172.27.12.68:80/o2o/uam/theme/20160301090033/images/20160301094326.jpg
2016-03-01 11:42:41 [INFO ] [SimpleAsyncTaskExecutor-1] [HttpDownload::downLoad] http://172.27.12.68:80/o2o/uam/theme/20160301090033/images/alipay.png
2016-03-01 11:42:41 [INFO ] [SimpleAsyncTaskExecutor-1] [HttpDownload::downLoad] http://172.27.12.68:80/o2o/uam/theme/20160301090033/images/bgImg.jpg
2016-03-01 11:42:41 [INFO ] [SimpleAsyncTaskExecutor-1] [HttpDownload::downLoad] http://172.27.12.68:80/o2o/uam/theme/20160301090033/images/home.jpg
2016-03-01 11:42:41 [INFO ] [SimpleAsyncTaskExecutor-1] [HttpDownload::downLoad] http://172.27.12.68:80/o2o/uam/theme/20160301090033/images/home2.jpg
2016-03-01 11:42:41 [INFO ] [SimpleAsyncTaskExecutor-1] [HttpDownload::downLoad] http://172.27.12.68:80/o2o/uam/theme/20160301090033/images/loginSuccessBg.jpg
2016-03-01 11:42:41 [INFO ] [SimpleAsyncTaskExecutor-1] [HttpDownload::downLoad] http://172.27.12.68:80/o2o/uam/theme/20160301090033/images/logo-inverted.jpg
2016-03-01 11:42:41 [INFO ] [SimpleAsyncTaskExecutor-1] [HttpDownload::downLoad] http://172.27.12.68:80/o2o/uam/theme/20160301090033/images/net.png
2016-03-01 11:42:41 [INFO ] [SimpleAsyncTaskExecutor-1] [HttpDownload::downLoad] http://172.27.12.68:80/o2o/uam/theme/20160301090033/images/qq.png
2016-03-01 11:42:41 [INFO ] [SimpleAsyncTaskExecutor-1] [HttpDownload::downLoad] http://172.27.12.68:80/o2o/uam/theme/20160301090033/images/wifilogo.png
2016-03-01 11:42:41 [INFO ] [SimpleAsyncTaskExecutor-1] [HttpDownload::downLoad] http://172.27.12.68:80/o2o/uam/theme/20160301090033/images/wxwifi.png
2016-03-01 11:42:41 [WARN ] [SimpleAsyncTaskExecutor-1] [ThemeTemplateCacheMgrImpl::get] there isn't Template wehre id = 1000 in the cache.
2016-03-01 11:45:22 [INFO ] [SimpleAsyncTaskExecutor-1] [ThemePageListener::handleMessage] call from foreground
2016-03-01 11:45:22 [INFO ] [SimpleAsyncTaskExecutor-1] [HttpDownload::downLoad] http://172.27.12.68:80/o2o/uam/theme/20160301090033/images/20160301090300.jpg
2016-03-01 11:45:22 [INFO ] [SimpleAsyncTaskExecutor-1] [HttpDownload::downLoad] http://172.27.12.68:80/o2o/uam/theme/20160301090033/images/20160301094326.jpg
2016-03-01 11:45:22 [INFO ] [SimpleAsyncTaskExecutor-1] [HttpDownload::downLoad] http://172.27.12.68:80/o2o/uam/theme/20160301090033/images/alipay.png
2016-03-01 11:45:22 [INFO ] [SimpleAsyncTaskExecutor-1] [HttpDownload::downLoad] http://172.27.12.68:80/o2o/uam/theme/20160301090033/images/bgImg.jpg
2016-03-01 11:45:22 [INFO ] [SimpleAsyncTaskExecutor-1] [HttpDownload::downLoad] http://172.27.12.68:80/o2o/uam/theme/20160301090033/images/home.jpg
2016-03-01 11:45:22 [INFO ] [SimpleAsyncTaskExecutor-1] [HttpDownload::downLoad] http://172.27.12.68:80/o2o/uam/theme/20160301090033/images/home2.jpg
2016-03-01 11:45:22 [INFO ] [SimpleAsyncTaskExecutor-1] [HttpDownload::downLoad] http://172.27.12.68:80/o2o/uam/theme/20160301090033/images/loginSuccessBg.jpg
2016-03-01 11:45:22 [INFO ] [SimpleAsyncTaskExecutor-1] [HttpDownload::downLoad] http://172.27.12.68:80/o2o/uam/theme/20160301090033/images/logo-inverted.jpg
2016-03-01 11:45:22 [INFO ] [SimpleAsyncTaskExecutor-1] [HttpDownload::downLoad] http://172.27.12.68:80/o2o/uam/theme/20160301090033/images/net.png
2016-03-01 11:45:22 [INFO ] [SimpleAsyncTaskExecutor-1] [HttpDownload::downLoad] http://172.27.12.68:80/o2o/uam/theme/20160301090033/images/qq.png
2016-03-01 11:45:22 [INFO ] [SimpleAsyncTaskExecutor-1] [HttpDownload::downLoad] http://172.27.12.68:80/o2o/uam/theme/20160301090033/images/wifilogo.png
2016-03-01 11:45:22 [INFO ] [SimpleAsyncTaskExecutor-1] [HttpDownload::downLoad] http://172.27.12.68:80/o2o/uam/theme/20160301090033/images/wxwifi.png
2016-03-01 13:49:52 [INFO ] [main] [O2OServer::load] Start loading All Service...
2016-03-01 13:49:53 [INFO ] [main] [AbstractApplicationContext::prepareRefresh] Refreshing com.h3c.oasis.o2oserver.bootstrap.c@6295d394: startup date [Tue Mar 01 13:49:53 CST 2016]; root of context hierarchy
2016-03-01 13:49:55 [INFO ] [main] [AdaptableDataSource::afterPropertiesSet] Reconfigure AdaptableDataSource from server-addr.xml
2016-03-01 13:49:55 [INFO ] [main] [AdaptableAnnotationSessionFactoryBean::afterPropertiesSet] Reset hibernate.dialect = org.hibernate.dialect.MySQL5Dialect
2016-03-01 13:49:57 [INFO ] [main] [LocalSessionFactoryBean::buildSessionFactory] Building new Hibernate SessionFactory
2016-03-01 13:50:02 [INFO ] [main] [AbstractApplicationContext::prepareRefresh] Refreshing com.h3c.oasis.o2oserver.bootstrap.g@788ddc1f: startup date [Tue Mar 01 13:50:02 CST 2016]; root of context hierarchy
2016-03-01 13:50:02 [INFO ] [main] [TomcatStartup::afterPropertiesSet] Starting Embedded Tomcat Server ...
2016-03-01 13:50:04 [ERROR] [main] [AbstractProtocol::init] Failed to initialize end point associated with ProtocolHandler ["http-bio-443"]
java.io.IOException: Keystore was tampered with, or password was incorrect
	at sun.security.provider.JavaKeyStore.engineLoad(JavaKeyStore.java:780)
	at sun.security.provider.JavaKeyStore$JKS.engineLoad(JavaKeyStore.java:56)
	at sun.security.provider.KeyStoreDelegator.engineLoad(KeyStoreDelegator.java:225)
	at sun.security.provider.JavaKeyStore$DualFormatJKS.engineLoad(JavaKeyStore.java:70)
	at java.security.KeyStore.load(KeyStore.java:1445)
	at org.apache.tomcat.util.net.jsse.JSSESocketFactory.getStore(JSSESocketFactory.java:392)
	at org.apache.tomcat.util.net.jsse.JSSESocketFactory.getKeystore(JSSESocketFactory.java:291)
	at org.apache.tomcat.util.net.jsse.JSSESocketFactory.getKeyManagers(JSSESocketFactory.java:549)
	at org.apache.tomcat.util.net.jsse.JSSESocketFactory.getKeyManagers(JSSESocketFactory.java:489)
	at org.apache.tomcat.util.net.jsse.JSSESocketFactory.init(JSSESocketFactory.java:434)
	at org.apache.tomcat.util.net.jsse.JSSESocketFactory.createSocket(JSSESocketFactory.java:181)
	at org.apache.tomcat.util.net.JIoEndpoint.bind(JIoEndpoint.java:393)
	at org.apache.tomcat.util.net.AbstractEndpoint.init(AbstractEndpoint.java:610)
	at org.apache.coyote.AbstractProtocol.init(AbstractProtocol.java:429)
	at org.apache.coyote.http11.AbstractHttp11JsseProtocol.init(AbstractHttp11JsseProtocol.java:119)
	at org.apache.catalina.connector.Connector.initInternal(Connector.java:981)
	at org.apache.catalina.util.LifecycleBase.init(LifecycleBase.java:102)
	at org.apache.catalina.core.StandardService.initInternal(StandardService.java:559)
	at org.apache.catalina.util.LifecycleBase.init(LifecycleBase.java:102)
	at org.apache.catalina.core.StandardServer.initInternal(StandardServer.java:814)
	at org.apache.catalina.util.LifecycleBase.init(LifecycleBase.java:102)
	at org.apache.catalina.startup.Catalina.load(Catalina.java:633)
	at org.apache.catalina.startup.Catalina.start(Catalina.java:672)
	at com.h3c.oasis.o2oserver.bootstrap.TomcatStartup.start(TomcatStartup.java:412)
	at com.h3c.oasis.o2oserver.bootstrap.TomcatStartup.afterPropertiesSet(TomcatStartup.java:87)
	at org.springframework.beans.factory.support.AbstractAutowireCapableBeanFactory.invokeInitMethods(AbstractAutowireCapableBeanFactory.java:1571)
	at org.springframework.beans.factory.support.AbstractAutowireCapableBeanFactory.initializeBean(AbstractAutowireCapableBeanFactory.java:1509)
	at org.springframework.beans.factory.support.AbstractAutowireCapableBeanFactory.doCreateBean(AbstractAutowireCapableBeanFactory.java:521)
	at org.springframework.beans.factory.support.AbstractAutowireCapableBeanFactory.createBean(AbstractAutowireCapableBeanFactory.java:458)
	at org.springframework.beans.factory.support.AbstractBeanFactory$1.getObject(AbstractBeanFactory.java:296)
	at org.springframework.beans.factory.support.DefaultSingletonBeanRegistry.getSingleton(DefaultSingletonBeanRegistry.java:223)
	at org.springframework.beans.factory.support.AbstractBeanFactory.doGetBean(AbstractBeanFactory.java:293)
	at org.springframework.beans.factory.support.AbstractBeanFactory.getBean(AbstractBeanFactory.java:194)
	at org.springframework.beans.factory.support.DefaultListableBeanFactory.preInstantiateSingletons(DefaultListableBeanFactory.java:633)
	at org.springframework.context.support.AbstractApplicationContext.finishBeanFactoryInitialization(AbstractApplicationContext.java:932)
	at org.springframework.context.support.AbstractApplicationContext.refresh(AbstractApplicationContext.java:479)
	at com.h3c.oasis.o2oserver.bootstrap.O2OServer.load(O2OServer.java:107)
	at sun.reflect.NativeMethodAccessorImpl.invoke0(Native Method)
	at sun.reflect.NativeMethodAccessorImpl.invoke(NativeMethodAccessorImpl.java:62)
	at sun.reflect.DelegatingMethodAccessorImpl.invoke(DelegatingMethodAccessorImpl.java:43)
	at java.lang.reflect.Method.invoke(Method.java:497)
	at com.h3c.oasis.bootstrap.ServerStartup.h(ServerStartup.java:626)
	at com.h3c.oasis.bootstrap.ServerStartup.f(ServerStartup.java:488)
	at com.h3c.oasis.bootstrap.ServerStartup.process(ServerStartup.java:361)
	at com.h3c.oasis.bootstrap.Bootstrap.a(Bootstrap.java:128)
	at com.h3c.oasis.bootstrap.Bootstrap.main(Bootstrap.java:238)
Caused by: java.security.UnrecoverableKeyException: Password verification failed
	at sun.security.provider.JavaKeyStore.engineLoad(JavaKeyStore.java:778)
	... 45 more
2016-03-01 13:50:04 [ERROR] [main] [StandardService::initInternal] Failed to initialize connector [Connector[HTTP/1.1-443]]
org.apache.catalina.LifecycleException: Failed to initialize component [Connector[HTTP/1.1-443]]
	at org.apache.catalina.util.LifecycleBase.init(LifecycleBase.java:106)
	at org.apache.catalina.core.StandardService.initInternal(StandardService.java:559)
	at org.apache.catalina.util.LifecycleBase.init(LifecycleBase.java:102)
	at org.apache.catalina.core.StandardServer.initInternal(StandardServer.java:814)
	at org.apache.catalina.util.LifecycleBase.init(LifecycleBase.java:102)
	at org.apache.catalina.startup.Catalina.load(Catalina.java:633)
	at org.apache.catalina.startup.Catalina.start(Catalina.java:672)
	at com.h3c.oasis.o2oserver.bootstrap.TomcatStartup.start(TomcatStartup.java:412)
	at com.h3c.oasis.o2oserver.bootstrap.TomcatStartup.afterPropertiesSet(TomcatStartup.java:87)
	at org.springframework.beans.factory.support.AbstractAutowireCapableBeanFactory.invokeInitMethods(AbstractAutowireCapableBeanFactory.java:1571)
	at org.springframework.beans.factory.support.AbstractAutowireCapableBeanFactory.initializeBean(AbstractAutowireCapableBeanFactory.java:1509)
	at org.springframework.beans.factory.support.AbstractAutowireCapableBeanFactory.doCreateBean(AbstractAutowireCapableBeanFactory.java:521)
	at org.springframework.beans.factory.support.AbstractAutowireCapableBeanFactory.createBean(AbstractAutowireCapableBeanFactory.java:458)
	at org.springframework.beans.factory.support.AbstractBeanFactory$1.getObject(AbstractBeanFactory.java:296)
	at org.springframework.beans.factory.support.DefaultSingletonBeanRegistry.getSingleton(DefaultSingletonBeanRegistry.java:223)
	at org.springframework.beans.factory.support.AbstractBeanFactory.doGetBean(AbstractBeanFactory.java:293)
	at org.springframework.beans.factory.support.AbstractBeanFactory.getBean(AbstractBeanFactory.java:194)
	at org.springframework.beans.factory.support.DefaultListableBeanFactory.preInstantiateSingletons(DefaultListableBeanFactory.java:633)
	at org.springframework.context.support.AbstractApplicationContext.finishBeanFactoryInitialization(AbstractApplicationContext.java:932)
	at org.springframework.context.support.AbstractApplicationContext.refresh(AbstractApplicationContext.java:479)
	at com.h3c.oasis.o2oserver.bootstrap.O2OServer.load(O2OServer.java:107)
	at sun.reflect.NativeMethodAccessorImpl.invoke0(Native Method)
	at sun.reflect.NativeMethodAccessorImpl.invoke(NativeMethodAccessorImpl.java:62)
	at sun.reflect.DelegatingMethodAccessorImpl.invoke(DelegatingMethodAccessorImpl.java:43)
	at java.lang.reflect.Method.invoke(Method.java:497)
	at com.h3c.oasis.bootstrap.ServerStartup.h(ServerStartup.java:626)
	at com.h3c.oasis.bootstrap.ServerStartup.f(ServerStartup.java:488)
	at com.h3c.oasis.bootstrap.ServerStartup.process(ServerStartup.java:361)
	at com.h3c.oasis.bootstrap.Bootstrap.a(Bootstrap.java:128)
	at com.h3c.oasis.bootstrap.Bootstrap.main(Bootstrap.java:238)
Caused by: org.apache.catalina.LifecycleException: Protocol handler initialization failed
	at org.apache.catalina.connector.Connector.initInternal(Connector.java:983)
	at org.apache.catalina.util.LifecycleBase.init(LifecycleBase.java:102)
	... 29 more
Caused by: java.io.IOException: Keystore was tampered with, or password was incorrect
	at sun.security.provider.JavaKeyStore.engineLoad(JavaKeyStore.java:780)
	at sun.security.provider.JavaKeyStore$JKS.engineLoad(JavaKeyStore.java:56)
	at sun.security.provider.KeyStoreDelegator.engineLoad(KeyStoreDelegator.java:225)
	at sun.security.provider.JavaKeyStore$DualFormatJKS.engineLoad(JavaKeyStore.java:70)
	at java.security.KeyStore.load(KeyStore.java:1445)
	at org.apache.tomcat.util.net.jsse.JSSESocketFactory.getStore(JSSESocketFactory.java:392)
	at org.apache.tomcat.util.net.jsse.JSSESocketFactory.getKeystore(JSSESocketFactory.java:291)
	at org.apache.tomcat.util.net.jsse.JSSESocketFactory.getKeyManagers(JSSESocketFactory.java:549)
	at org.apache.tomcat.util.net.jsse.JSSESocketFactory.getKeyManagers(JSSESocketFactory.java:489)
	at org.apache.tomcat.util.net.jsse.JSSESocketFactory.init(JSSESocketFactory.java:434)
	at org.apache.tomcat.util.net.jsse.JSSESocketFactory.createSocket(JSSESocketFactory.java:181)
	at org.apache.tomcat.util.net.JIoEndpoint.bind(JIoEndpoint.java:393)
	at org.apache.tomcat.util.net.AbstractEndpoint.init(AbstractEndpoint.java:610)
	at org.apache.coyote.AbstractProtocol.init(AbstractProtocol.java:429)
	at org.apache.coyote.http11.AbstractHttp11JsseProtocol.init(AbstractHttp11JsseProtocol.java:119)
	at org.apache.catalina.connector.Connector.initInternal(Connector.java:981)
	... 30 more
Caused by: java.security.UnrecoverableKeyException: Password verification failed
	at sun.security.provider.JavaKeyStore.engineLoad(JavaKeyStore.java:778)
	... 45 more
2016-03-01 13:50:05 [INFO ] [main] [TomcatStartup::afterPropertiesSet] Starting Embedded Tomcat Server succeeded. ...
2016-03-01 13:50:05 [INFO ] [main] [O2OServer::load] All Service loaded in 13233 ms.
2016-03-01 14:29:59 [INFO ] [SimpleAsyncTaskExecutor-1] [ThemePageListener::handleMessage] call from foreground
2016-03-01 14:29:59 [INFO ] [SimpleAsyncTaskExecutor-1] [HttpDownload::downLoad] http://172.27.12.68:80/o2o/uam/theme/20160301142724/images/20160301143017.jpg
2016-03-01 14:29:59 [WARN ] [SimpleAsyncTaskExecutor-1] [HttpDownload::downLoad] Http connection fail: http://172.27.12.68:80/o2o/uam/theme/20160301142724/images/20160301143017.jpg
2016-03-01 14:29:59 [WARN ] [SimpleAsyncTaskExecutor-1] [ThemePageListener::handleMessage] 
com.h3c.o2o.portal.PortalException[70003] 下载文件失败。
	at com.h3c.o2o.portal.theme.func.ThemePageListener.handleMessage(ThemePageListener.java:121)
	at sun.reflect.NativeMethodAccessorImpl.invoke0(Native Method)
	at sun.reflect.NativeMethodAccessorImpl.invoke(NativeMethodAccessorImpl.java:62)
	at sun.reflect.DelegatingMethodAccessorImpl.invoke(DelegatingMethodAccessorImpl.java:43)
	at java.lang.reflect.Method.invoke(Method.java:497)
	at org.springframework.util.MethodInvoker.invoke(MethodInvoker.java:269)
	at org.springframework.amqp.rabbit.listener.adapter.MessageListenerAdapter.invokeListenerMethod(MessageListenerAdapter.java:327)
	at org.springframework.amqp.rabbit.listener.adapter.MessageListenerAdapter.onMessage(MessageListenerAdapter.java:253)
	at org.springframework.amqp.rabbit.listener.AbstractMessageListenerContainer.doInvokeListener(AbstractMessageListenerContainer.java:756)
	at org.springframework.amqp.rabbit.listener.AbstractMessageListenerContainer.invokeListener(AbstractMessageListenerContainer.java:679)
	at org.springframework.amqp.rabbit.listener.SimpleMessageListenerContainer.access$001(SimpleMessageListenerContainer.java:82)
	at org.springframework.amqp.rabbit.listener.SimpleMessageListenerContainer$1.invokeListener(SimpleMessageListenerContainer.java:167)
	at org.springframework.amqp.rabbit.listener.SimpleMessageListenerContainer.invokeListener(SimpleMessageListenerContainer.java:1241)
	at org.springframework.amqp.rabbit.listener.AbstractMessageListenerContainer.executeListener(AbstractMessageListenerContainer.java:660)
	at org.springframework.amqp.rabbit.listener.SimpleMessageListenerContainer.doReceiveAndExecute(SimpleMessageListenerContainer.java:1005)
	at org.springframework.amqp.rabbit.listener.SimpleMessageListenerContainer.receiveAndExecute(SimpleMessageListenerContainer.java:989)
	at org.springframework.amqp.rabbit.listener.SimpleMessageListenerContainer.access$700(SimpleMessageListenerContainer.java:82)
	at org.springframework.amqp.rabbit.listener.SimpleMessageListenerContainer$AsyncMessageProcessingConsumer.run(SimpleMessageListenerContainer.java:1103)
	at java.lang.Thread.run(Thread.java:745)
2016-03-01 14:31:14 [INFO ] [SimpleAsyncTaskExecutor-1] [ThemePageListener::handleMessage] call from foreground
2016-03-01 14:31:14 [INFO ] [SimpleAsyncTaskExecutor-1] [HttpDownload::downLoad] http://172.27.12.68:80/o2o/uam/theme/20160301142724/images/20160301143017.jpg
2016-03-01 14:31:14 [INFO ] [SimpleAsyncTaskExecutor-1] [HttpDownload::downLoad] http://172.27.12.68:80/o2o/uam/theme/20160301142724/images/20160301143141.jpg
2016-03-01 14:31:14 [INFO ] [SimpleAsyncTaskExecutor-1] [HttpDownload::downLoad] http://172.27.12.68:80/o2o/uam/theme/20160301142724/images/alipay.png
2016-03-01 14:31:14 [INFO ] [SimpleAsyncTaskExecutor-1] [HttpDownload::downLoad] http://172.27.12.68:80/o2o/uam/theme/20160301142724/images/bgImg.jpg
2016-03-01 14:31:14 [INFO ] [SimpleAsyncTaskExecutor-1] [HttpDownload::downLoad] http://172.27.12.68:80/o2o/uam/theme/20160301142724/images/home.jpg
2016-03-01 14:31:14 [INFO ] [SimpleAsyncTaskExecutor-1] [HttpDownload::downLoad] http://172.27.12.68:80/o2o/uam/theme/20160301142724/images/home2.jpg
2016-03-01 14:31:14 [INFO ] [SimpleAsyncTaskExecutor-1] [HttpDownload::downLoad] http://172.27.12.68:80/o2o/uam/theme/20160301142724/images/loginSuccessBg.jpg
2016-03-01 14:31:14 [INFO ] [SimpleAsyncTaskExecutor-1] [HttpDownload::downLoad] http://172.27.12.68:80/o2o/uam/theme/20160301142724/images/logo-inverted.jpg
2016-03-01 14:31:14 [INFO ] [SimpleAsyncTaskExecutor-1] [HttpDownload::downLoad] http://172.27.12.68:80/o2o/uam/theme/20160301142724/images/net.png
2016-03-01 14:31:14 [INFO ] [SimpleAsyncTaskExecutor-1] [HttpDownload::downLoad] http://172.27.12.68:80/o2o/uam/theme/20160301142724/images/qq.png
2016-03-01 14:31:14 [INFO ] [SimpleAsyncTaskExecutor-1] [HttpDownload::downLoad] http://172.27.12.68:80/o2o/uam/theme/20160301142724/images/wifilogo.png
2016-03-01 14:31:14 [INFO ] [SimpleAsyncTaskExecutor-1] [HttpDownload::downLoad] http://172.27.12.68:80/o2o/uam/theme/20160301142724/images/wxwifi.png
2016-03-01 14:31:14 [WARN ] [SimpleAsyncTaskExecutor-1] [ThemeTemplateCacheMgrImpl::get] there isn't Template wehre id = 1003 in the cache.
2016-03-01 14:33:40 [INFO ] [SimpleAsyncTaskExecutor-1] [ThemePageListener::handleMessage] call from foreground
2016-03-01 14:33:40 [INFO ] [SimpleAsyncTaskExecutor-1] [HttpDownload::downLoad] http://172.27.12.68:80/o2o/uam/theme/20160301142724/images/20160301143017.jpg
2016-03-01 14:33:40 [INFO ] [SimpleAsyncTaskExecutor-1] [HttpDownload::downLoad] http://172.27.12.68:80/o2o/uam/theme/20160301142724/images/20160301143141.jpg
2016-03-01 14:33:40 [INFO ] [SimpleAsyncTaskExecutor-1] [HttpDownload::downLoad] http://172.27.12.68:80/o2o/uam/theme/20160301142724/images/20160301143523.jpg
2016-03-01 14:33:40 [INFO ] [SimpleAsyncTaskExecutor-1] [HttpDownload::downLoad] http://172.27.12.68:80/o2o/uam/theme/20160301142724/images/alipay.png
2016-03-01 14:33:40 [INFO ] [SimpleAsyncTaskExecutor-1] [HttpDownload::downLoad] http://172.27.12.68:80/o2o/uam/theme/20160301142724/images/bgImg.jpg
2016-03-01 14:33:40 [INFO ] [SimpleAsyncTaskExecutor-1] [HttpDownload::downLoad] http://172.27.12.68:80/o2o/uam/theme/20160301142724/images/home.jpg
2016-03-01 14:33:40 [INFO ] [SimpleAsyncTaskExecutor-1] [HttpDownload::downLoad] http://172.27.12.68:80/o2o/uam/theme/20160301142724/images/home2.jpg
2016-03-01 14:33:40 [INFO ] [SimpleAsyncTaskExecutor-1] [HttpDownload::downLoad] http://172.27.12.68:80/o2o/uam/theme/20160301142724/images/loginSuccessBg.jpg
2016-03-01 14:33:40 [INFO ] [SimpleAsyncTaskExecutor-1] [HttpDownload::downLoad] http://172.27.12.68:80/o2o/uam/theme/20160301142724/images/logo-inverted.jpg
2016-03-01 14:33:40 [INFO ] [SimpleAsyncTaskExecutor-1] [HttpDownload::downLoad] http://172.27.12.68:80/o2o/uam/theme/20160301142724/images/net.png
2016-03-01 14:33:40 [INFO ] [SimpleAsyncTaskExecutor-1] [HttpDownload::downLoad] http://172.27.12.68:80/o2o/uam/theme/20160301142724/images/qq.png
2016-03-01 14:33:41 [INFO ] [SimpleAsyncTaskExecutor-1] [HttpDownload::downLoad] http://172.27.12.68:80/o2o/uam/theme/20160301142724/images/wifilogo.png
2016-03-01 14:33:41 [INFO ] [SimpleAsyncTaskExecutor-1] [HttpDownload::downLoad] http://172.27.12.68:80/o2o/uam/theme/20160301142724/images/wxwifi.png
2016-03-01 14:36:07 [INFO ] [main] [O2OServer::load] Start loading All Service...
2016-03-01 14:36:08 [INFO ] [main] [AbstractApplicationContext::prepareRefresh] Refreshing com.h3c.oasis.o2oserver.bootstrap.c@6295d394: startup date [Tue Mar 01 14:36:08 CST 2016]; root of context hierarchy
2016-03-01 14:36:10 [INFO ] [main] [AdaptableDataSource::afterPropertiesSet] Reconfigure AdaptableDataSource from server-addr.xml
2016-03-01 14:36:10 [INFO ] [main] [AdaptableAnnotationSessionFactoryBean::afterPropertiesSet] Reset hibernate.dialect = org.hibernate.dialect.MySQL5Dialect
2016-03-01 14:36:12 [INFO ] [main] [LocalSessionFactoryBean::buildSessionFactory] Building new Hibernate SessionFactory
2016-03-01 14:36:18 [INFO ] [main] [AbstractApplicationContext::prepareRefresh] Refreshing com.h3c.oasis.o2oserver.bootstrap.g@788ddc1f: startup date [Tue Mar 01 14:36:18 CST 2016]; root of context hierarchy
2016-03-01 14:36:18 [INFO ] [main] [TomcatStartup::afterPropertiesSet] Starting Embedded Tomcat Server ...
2016-03-01 14:36:20 [ERROR] [main] [AbstractProtocol::init] Failed to initialize end point associated with ProtocolHandler ["http-bio-443"]
java.io.IOException: Keystore was tampered with, or password was incorrect
	at sun.security.provider.JavaKeyStore.engineLoad(JavaKeyStore.java:780)
	at sun.security.provider.JavaKeyStore$JKS.engineLoad(JavaKeyStore.java:56)
	at sun.security.provider.KeyStoreDelegator.engineLoad(KeyStoreDelegator.java:225)
	at sun.security.provider.JavaKeyStore$DualFormatJKS.engineLoad(JavaKeyStore.java:70)
	at java.security.KeyStore.load(KeyStore.java:1445)
	at org.apache.tomcat.util.net.jsse.JSSESocketFactory.getStore(JSSESocketFactory.java:392)
	at org.apache.tomcat.util.net.jsse.JSSESocketFactory.getKeystore(JSSESocketFactory.java:291)
	at org.apache.tomcat.util.net.jsse.JSSESocketFactory.getKeyManagers(JSSESocketFactory.java:549)
	at org.apache.tomcat.util.net.jsse.JSSESocketFactory.getKeyManagers(JSSESocketFactory.java:489)
	at org.apache.tomcat.util.net.jsse.JSSESocketFactory.init(JSSESocketFactory.java:434)
	at org.apache.tomcat.util.net.jsse.JSSESocketFactory.createSocket(JSSESocketFactory.java:181)
	at org.apache.tomcat.util.net.JIoEndpoint.bind(JIoEndpoint.java:393)
	at org.apache.tomcat.util.net.AbstractEndpoint.init(AbstractEndpoint.java:610)
	at org.apache.coyote.AbstractProtocol.init(AbstractProtocol.java:429)
	at org.apache.coyote.http11.AbstractHttp11JsseProtocol.init(AbstractHttp11JsseProtocol.java:119)
	at org.apache.catalina.connector.Connector.initInternal(Connector.java:981)
	at org.apache.catalina.util.LifecycleBase.init(LifecycleBase.java:102)
	at org.apache.catalina.core.StandardService.initInternal(StandardService.java:559)
	at org.apache.catalina.util.LifecycleBase.init(LifecycleBase.java:102)
	at org.apache.catalina.core.StandardServer.initInternal(StandardServer.java:814)
	at org.apache.catalina.util.LifecycleBase.init(LifecycleBase.java:102)
	at org.apache.catalina.startup.Catalina.load(Catalina.java:633)
	at org.apache.catalina.startup.Catalina.start(Catalina.java:672)
	at com.h3c.oasis.o2oserver.bootstrap.TomcatStartup.start(TomcatStartup.java:412)
	at com.h3c.oasis.o2oserver.bootstrap.TomcatStartup.afterPropertiesSet(TomcatStartup.java:87)
	at org.springframework.beans.factory.support.AbstractAutowireCapableBeanFactory.invokeInitMethods(AbstractAutowireCapableBeanFactory.java:1571)
	at org.springframework.beans.factory.support.AbstractAutowireCapableBeanFactory.initializeBean(AbstractAutowireCapableBeanFactory.java:1509)
	at org.springframework.beans.factory.support.AbstractAutowireCapableBeanFactory.doCreateBean(AbstractAutowireCapableBeanFactory.java:521)
	at org.springframework.beans.factory.support.AbstractAutowireCapableBeanFactory.createBean(AbstractAutowireCapableBeanFactory.java:458)
	at org.springframework.beans.factory.support.AbstractBeanFactory$1.getObject(AbstractBeanFactory.java:296)
	at org.springframework.beans.factory.support.DefaultSingletonBeanRegistry.getSingleton(DefaultSingletonBeanRegistry.java:223)
	at org.springframework.beans.factory.support.AbstractBeanFactory.doGetBean(AbstractBeanFactory.java:293)
	at org.springframework.beans.factory.support.AbstractBeanFactory.getBean(AbstractBeanFactory.java:194)
	at org.springframework.beans.factory.support.DefaultListableBeanFactory.preInstantiateSingletons(DefaultListableBeanFactory.java:633)
	at org.springframework.context.support.AbstractApplicationContext.finishBeanFactoryInitialization(AbstractApplicationContext.java:932)
	at org.springframework.context.support.AbstractApplicationContext.refresh(AbstractApplicationContext.java:479)
	at com.h3c.oasis.o2oserver.bootstrap.O2OServer.load(O2OServer.java:107)
	at sun.reflect.NativeMethodAccessorImpl.invoke0(Native Method)
	at sun.reflect.NativeMethodAccessorImpl.invoke(NativeMethodAccessorImpl.java:62)
	at sun.reflect.DelegatingMethodAccessorImpl.invoke(DelegatingMethodAccessorImpl.java:43)
	at java.lang.reflect.Method.invoke(Method.java:497)
	at com.h3c.oasis.bootstrap.ServerStartup.h(ServerStartup.java:626)
	at com.h3c.oasis.bootstrap.ServerStartup.f(ServerStartup.java:488)
	at com.h3c.oasis.bootstrap.ServerStartup.process(ServerStartup.java:361)
	at com.h3c.oasis.bootstrap.Bootstrap.a(Bootstrap.java:128)
	at com.h3c.oasis.bootstrap.Bootstrap.main(Bootstrap.java:238)
Caused by: java.security.UnrecoverableKeyException: Password verification failed
	at sun.security.provider.JavaKeyStore.engineLoad(JavaKeyStore.java:778)
	... 45 more
2016-03-01 14:36:20 [ERROR] [main] [StandardService::initInternal] Failed to initialize connector [Connector[HTTP/1.1-443]]
org.apache.catalina.LifecycleException: Failed to initialize component [Connector[HTTP/1.1-443]]
	at org.apache.catalina.util.LifecycleBase.init(LifecycleBase.java:106)
	at org.apache.catalina.core.StandardService.initInternal(StandardService.java:559)
	at org.apache.catalina.util.LifecycleBase.init(LifecycleBase.java:102)
	at org.apache.catalina.core.StandardServer.initInternal(StandardServer.java:814)
	at org.apache.catalina.util.LifecycleBase.init(LifecycleBase.java:102)
	at org.apache.catalina.startup.Catalina.load(Catalina.java:633)
	at org.apache.catalina.startup.Catalina.start(Catalina.java:672)
	at com.h3c.oasis.o2oserver.bootstrap.TomcatStartup.start(TomcatStartup.java:412)
	at com.h3c.oasis.o2oserver.bootstrap.TomcatStartup.afterPropertiesSet(TomcatStartup.java:87)
	at org.springframework.beans.factory.support.AbstractAutowireCapableBeanFactory.invokeInitMethods(AbstractAutowireCapableBeanFactory.java:1571)
	at org.springframework.beans.factory.support.AbstractAutowireCapableBeanFactory.initializeBean(AbstractAutowireCapableBeanFactory.java:1509)
	at org.springframework.beans.factory.support.AbstractAutowireCapableBeanFactory.doCreateBean(AbstractAutowireCapableBeanFactory.java:521)
	at org.springframework.beans.factory.support.AbstractAutowireCapableBeanFactory.createBean(AbstractAutowireCapableBeanFactory.java:458)
	at org.springframework.beans.factory.support.AbstractBeanFactory$1.getObject(AbstractBeanFactory.java:296)
	at org.springframework.beans.factory.support.DefaultSingletonBeanRegistry.getSingleton(DefaultSingletonBeanRegistry.java:223)
	at org.springframework.beans.factory.support.AbstractBeanFactory.doGetBean(AbstractBeanFactory.java:293)
	at org.springframework.beans.factory.support.AbstractBeanFactory.getBean(AbstractBeanFactory.java:194)
	at org.springframework.beans.factory.support.DefaultListableBeanFactory.preInstantiateSingletons(DefaultListableBeanFactory.java:633)
	at org.springframework.context.support.AbstractApplicationContext.finishBeanFactoryInitialization(AbstractApplicationContext.java:932)
	at org.springframework.context.support.AbstractApplicationContext.refresh(AbstractApplicationContext.java:479)
	at com.h3c.oasis.o2oserver.bootstrap.O2OServer.load(O2OServer.java:107)
	at sun.reflect.NativeMethodAccessorImpl.invoke0(Native Method)
	at sun.reflect.NativeMethodAccessorImpl.invoke(NativeMethodAccessorImpl.java:62)
	at sun.reflect.DelegatingMethodAccessorImpl.invoke(DelegatingMethodAccessorImpl.java:43)
	at java.lang.reflect.Method.invoke(Method.java:497)
	at com.h3c.oasis.bootstrap.ServerStartup.h(ServerStartup.java:626)
	at com.h3c.oasis.bootstrap.ServerStartup.f(ServerStartup.java:488)
	at com.h3c.oasis.bootstrap.ServerStartup.process(ServerStartup.java:361)
	at com.h3c.oasis.bootstrap.Bootstrap.a(Bootstrap.java:128)
	at com.h3c.oasis.bootstrap.Bootstrap.main(Bootstrap.java:238)
Caused by: org.apache.catalina.LifecycleException: Protocol handler initialization failed
	at org.apache.catalina.connector.Connector.initInternal(Connector.java:983)
	at org.apache.catalina.util.LifecycleBase.init(LifecycleBase.java:102)
	... 29 more
Caused by: java.io.IOException: Keystore was tampered with, or password was incorrect
	at sun.security.provider.JavaKeyStore.engineLoad(JavaKeyStore.java:780)
	at sun.security.provider.JavaKeyStore$JKS.engineLoad(JavaKeyStore.java:56)
	at sun.security.provider.KeyStoreDelegator.engineLoad(KeyStoreDelegator.java:225)
	at sun.security.provider.JavaKeyStore$DualFormatJKS.engineLoad(JavaKeyStore.java:70)
	at java.security.KeyStore.load(KeyStore.java:1445)
	at org.apache.tomcat.util.net.jsse.JSSESocketFactory.getStore(JSSESocketFactory.java:392)
	at org.apache.tomcat.util.net.jsse.JSSESocketFactory.getKeystore(JSSESocketFactory.java:291)
	at org.apache.tomcat.util.net.jsse.JSSESocketFactory.getKeyManagers(JSSESocketFactory.java:549)
	at org.apache.tomcat.util.net.jsse.JSSESocketFactory.getKeyManagers(JSSESocketFactory.java:489)
	at org.apache.tomcat.util.net.jsse.JSSESocketFactory.init(JSSESocketFactory.java:434)
	at org.apache.tomcat.util.net.jsse.JSSESocketFactory.createSocket(JSSESocketFactory.java:181)
	at org.apache.tomcat.util.net.JIoEndpoint.bind(JIoEndpoint.java:393)
	at org.apache.tomcat.util.net.AbstractEndpoint.init(AbstractEndpoint.java:610)
	at org.apache.coyote.AbstractProtocol.init(AbstractProtocol.java:429)
	at org.apache.coyote.http11.AbstractHttp11JsseProtocol.init(AbstractHttp11JsseProtocol.java:119)
	at org.apache.catalina.connector.Connector.initInternal(Connector.java:981)
	... 30 more
Caused by: java.security.UnrecoverableKeyException: Password verification failed
	at sun.security.provider.JavaKeyStore.engineLoad(JavaKeyStore.java:778)
	... 45 more
2016-03-01 14:36:22 [INFO ] [main] [TomcatStartup::afterPropertiesSet] Starting Embedded Tomcat Server succeeded. ...
2016-03-01 14:36:22 [INFO ] [main] [O2OServer::load] All Service loaded in 14366 ms.
2016-03-01 14:41:45 [INFO ] [SimpleAsyncTaskExecutor-1] [ThemePageListener::handleMessage] call from foreground
2016-03-01 14:41:46 [INFO ] [SimpleAsyncTaskExecutor-1] [HttpDownload::downLoad] http://172.27.12.68:80/o2o/uam/theme/20160301142724/images/20160301143017.jpg
2016-03-01 14:41:46 [INFO ] [SimpleAsyncTaskExecutor-1] [HttpDownload::downLoad] http://172.27.12.68:80/o2o/uam/theme/20160301142724/images/20160301143141.jpg
2016-03-01 14:41:46 [INFO ] [SimpleAsyncTaskExecutor-1] [HttpDownload::downLoad] http://172.27.12.68:80/o2o/uam/theme/20160301142724/images/20160301143523.jpg
2016-03-01 14:41:46 [INFO ] [SimpleAsyncTaskExecutor-1] [HttpDownload::downLoad] http://172.27.12.68:80/o2o/uam/theme/20160301142724/images/alipay.png
2016-03-01 14:41:46 [INFO ] [SimpleAsyncTaskExecutor-1] [HttpDownload::downLoad] http://172.27.12.68:80/o2o/uam/theme/20160301142724/images/bgImg.jpg
2016-03-01 14:41:46 [INFO ] [SimpleAsyncTaskExecutor-1] [HttpDownload::downLoad] http://172.27.12.68:80/o2o/uam/theme/20160301142724/images/home.jpg
2016-03-01 14:41:46 [INFO ] [SimpleAsyncTaskExecutor-1] [HttpDownload::downLoad] http://172.27.12.68:80/o2o/uam/theme/20160301142724/images/home2.jpg
2016-03-01 14:41:46 [INFO ] [SimpleAsyncTaskExecutor-1] [HttpDownload::downLoad] http://172.27.12.68:80/o2o/uam/theme/20160301142724/images/loginSuccessBg.jpg
2016-03-01 14:41:46 [INFO ] [SimpleAsyncTaskExecutor-1] [HttpDownload::downLoad] http://172.27.12.68:80/o2o/uam/theme/20160301142724/images/logo-inverted.jpg
2016-03-01 14:41:46 [INFO ] [SimpleAsyncTaskExecutor-1] [HttpDownload::downLoad] http://172.27.12.68:80/o2o/uam/theme/20160301142724/images/net.png
2016-03-01 14:41:46 [INFO ] [SimpleAsyncTaskExecutor-1] [HttpDownload::downLoad] http://172.27.12.68:80/o2o/uam/theme/20160301142724/images/qq.png
2016-03-01 14:41:46 [INFO ] [SimpleAsyncTaskExecutor-1] [HttpDownload::downLoad] http://172.27.12.68:80/o2o/uam/theme/20160301142724/images/wifilogo.png
2016-03-01 14:41:46 [INFO ] [SimpleAsyncTaskExecutor-1] [HttpDownload::downLoad] http://172.27.12.68:80/o2o/uam/theme/20160301142724/images/wxwifi.png
2016-03-01 14:41:46 [WARN ] [SimpleAsyncTaskExecutor-1] [ThemeTemplateCacheMgrImpl::get] there isn't Template wehre id = 1003 in the cache.
2016-03-01 14:46:13 [INFO ] [SimpleAsyncTaskExecutor-1] [ThemePageListener::handleMessage] call from foreground
2016-03-01 14:46:13 [INFO ] [SimpleAsyncTaskExecutor-1] [HttpDownload::downLoad] http://172.27.12.68:80/o2o/uam/theme/20160301142724/images/20160301143017.jpg
2016-03-01 14:46:13 [INFO ] [SimpleAsyncTaskExecutor-1] [HttpDownload::downLoad] http://172.27.12.68:80/o2o/uam/theme/20160301142724/images/20160301143141.jpg
2016-03-01 14:46:13 [INFO ] [SimpleAsyncTaskExecutor-1] [HttpDownload::downLoad] http://172.27.12.68:80/o2o/uam/theme/20160301142724/images/20160301143523.jpg
2016-03-01 14:46:13 [INFO ] [SimpleAsyncTaskExecutor-1] [HttpDownload::downLoad] http://172.27.12.68:80/o2o/uam/theme/20160301142724/images/alipay.png
2016-03-01 14:46:13 [INFO ] [SimpleAsyncTaskExecutor-1] [HttpDownload::downLoad] http://172.27.12.68:80/o2o/uam/theme/20160301142724/images/bgImg.jpg
2016-03-01 14:46:13 [INFO ] [SimpleAsyncTaskExecutor-1] [HttpDownload::downLoad] http://172.27.12.68:80/o2o/uam/theme/20160301142724/images/home.jpg
2016-03-01 14:46:13 [INFO ] [SimpleAsyncTaskExecutor-1] [HttpDownload::downLoad] http://172.27.12.68:80/o2o/uam/theme/20160301142724/images/home2.jpg
2016-03-01 14:46:13 [INFO ] [SimpleAsyncTaskExecutor-1] [HttpDownload::downLoad] http://172.27.12.68:80/o2o/uam/theme/20160301142724/images/loginSuccessBg.jpg
2016-03-01 14:46:13 [INFO ] [SimpleAsyncTaskExecutor-1] [HttpDownload::downLoad] http://172.27.12.68:80/o2o/uam/theme/20160301142724/images/logo-inverted.jpg
2016-03-01 14:46:13 [INFO ] [SimpleAsyncTaskExecutor-1] [HttpDownload::downLoad] http://172.27.12.68:80/o2o/uam/theme/20160301142724/images/net.png
2016-03-01 14:46:13 [INFO ] [SimpleAsyncTaskExecutor-1] [HttpDownload::downLoad] http://172.27.12.68:80/o2o/uam/theme/20160301142724/images/qq.png
2016-03-01 14:46:13 [INFO ] [SimpleAsyncTaskExecutor-1] [HttpDownload::downLoad] http://172.27.12.68:80/o2o/uam/theme/20160301142724/images/wifilogo.png
2016-03-01 14:46:13 [INFO ] [SimpleAsyncTaskExecutor-1] [HttpDownload::downLoad] http://172.27.12.68:80/o2o/uam/theme/20160301142724/images/wxwifi.png
2016-03-01 14:47:49 [INFO ] [SimpleAsyncTaskExecutor-1] [ThemePageListener::handleMessage] call from foreground
2016-03-01 14:47:49 [INFO ] [SimpleAsyncTaskExecutor-1] [HttpDownload::downLoad] http://172.27.12.68:80/o2o/uam/theme/20160301142724/images/20160301143017.jpg
2016-03-01 14:47:49 [INFO ] [SimpleAsyncTaskExecutor-1] [HttpDownload::downLoad] http://172.27.12.68:80/o2o/uam/theme/20160301142724/images/20160301143141.jpg
2016-03-01 14:47:49 [INFO ] [SimpleAsyncTaskExecutor-1] [HttpDownload::downLoad] http://172.27.12.68:80/o2o/uam/theme/20160301142724/images/20160301143523.jpg
2016-03-01 14:47:49 [INFO ] [SimpleAsyncTaskExecutor-1] [HttpDownload::downLoad] http://172.27.12.68:80/o2o/uam/theme/20160301142724/images/alipay.png
2016-03-01 14:47:49 [INFO ] [SimpleAsyncTaskExecutor-1] [HttpDownload::downLoad] http://172.27.12.68:80/o2o/uam/theme/20160301142724/images/bgImg.jpg
2016-03-01 14:47:49 [INFO ] [SimpleAsyncTaskExecutor-1] [HttpDownload::downLoad] http://172.27.12.68:80/o2o/uam/theme/20160301142724/images/home.jpg
2016-03-01 14:47:49 [INFO ] [SimpleAsyncTaskExecutor-1] [HttpDownload::downLoad] http://172.27.12.68:80/o2o/uam/theme/20160301142724/images/home2.jpg
2016-03-01 14:47:49 [INFO ] [SimpleAsyncTaskExecutor-1] [HttpDownload::downLoad] http://172.27.12.68:80/o2o/uam/theme/20160301142724/images/loginSuccessBg.jpg
2016-03-01 14:47:49 [INFO ] [SimpleAsyncTaskExecutor-1] [HttpDownload::downLoad] http://172.27.12.68:80/o2o/uam/theme/20160301142724/images/logo-inverted.jpg
2016-03-01 14:47:49 [INFO ] [SimpleAsyncTaskExecutor-1] [HttpDownload::downLoad] http://172.27.12.68:80/o2o/uam/theme/20160301142724/images/net.png
2016-03-01 14:47:49 [INFO ] [SimpleAsyncTaskExecutor-1] [HttpDownload::downLoad] http://172.27.12.68:80/o2o/uam/theme/20160301142724/images/qq.png
2016-03-01 14:47:49 [INFO ] [SimpleAsyncTaskExecutor-1] [HttpDownload::downLoad] http://172.27.12.68:80/o2o/uam/theme/20160301142724/images/wifilogo.png
2016-03-01 14:47:49 [INFO ] [SimpleAsyncTaskExecutor-1] [HttpDownload::downLoad] http://172.27.12.68:80/o2o/uam/theme/20160301142724/images/wxwifi.png
2016-03-01 14:55:02 [INFO ] [SimpleAsyncTaskExecutor-1] [ThemePageListener::handleMessage] call from foreground
2016-03-01 14:55:02 [INFO ] [SimpleAsyncTaskExecutor-1] [HttpDownload::downLoad] http://172.27.12.68:80/o2o/uam/theme/20160301145736/images/alipay.png
2016-03-01 14:55:02 [WARN ] [SimpleAsyncTaskExecutor-1] [HttpDownload::downLoad] Http connection fail: http://172.27.12.68:80/o2o/uam/theme/20160301145736/images/alipay.png
2016-03-01 14:55:02 [WARN ] [SimpleAsyncTaskExecutor-1] [ThemePageListener::handleMessage] 
com.h3c.o2o.portal.PortalException[70003] 下载文件失败。
	at com.h3c.o2o.portal.theme.func.ThemePageListener.handleMessage(ThemePageListener.java:121)
	at sun.reflect.NativeMethodAccessorImpl.invoke0(Native Method)
	at sun.reflect.NativeMethodAccessorImpl.invoke(NativeMethodAccessorImpl.java:62)
	at sun.reflect.DelegatingMethodAccessorImpl.invoke(DelegatingMethodAccessorImpl.java:43)
	at java.lang.reflect.Method.invoke(Method.java:497)
	at org.springframework.util.MethodInvoker.invoke(MethodInvoker.java:269)
	at org.springframework.amqp.rabbit.listener.adapter.MessageListenerAdapter.invokeListenerMethod(MessageListenerAdapter.java:327)
	at org.springframework.amqp.rabbit.listener.adapter.MessageListenerAdapter.onMessage(MessageListenerAdapter.java:253)
	at org.springframework.amqp.rabbit.listener.AbstractMessageListenerContainer.doInvokeListener(AbstractMessageListenerContainer.java:756)
	at org.springframework.amqp.rabbit.listener.AbstractMessageListenerContainer.invokeListener(AbstractMessageListenerContainer.java:679)
	at org.springframework.amqp.rabbit.listener.SimpleMessageListenerContainer.access$001(SimpleMessageListenerContainer.java:82)
	at org.springframework.amqp.rabbit.listener.SimpleMessageListenerContainer$1.invokeListener(SimpleMessageListenerContainer.java:167)
	at org.springframework.amqp.rabbit.listener.SimpleMessageListenerContainer.invokeListener(SimpleMessageListenerContainer.java:1241)
	at org.springframework.amqp.rabbit.listener.AbstractMessageListenerContainer.executeListener(AbstractMessageListenerContainer.java:660)
	at org.springframework.amqp.rabbit.listener.SimpleMessageListenerContainer.doReceiveAndExecute(SimpleMessageListenerContainer.java:1005)
	at org.springframework.amqp.rabbit.listener.SimpleMessageListenerContainer.receiveAndExecute(SimpleMessageListenerContainer.java:989)
	at org.springframework.amqp.rabbit.listener.SimpleMessageListenerContainer.access$700(SimpleMessageListenerContainer.java:82)
	at org.springframework.amqp.rabbit.listener.SimpleMessageListenerContainer$AsyncMessageProcessingConsumer.run(SimpleMessageListenerContainer.java:1103)
	at java.lang.Thread.run(Thread.java:745)
